B0016	Chrysler	Right Front/Passenger Frontal Deployment Loop (Stage 1) Circuit
B0017	Chrysler	Right Front/Passenger Frontal Deployment Loop (Stage 1) Circuit
B0018	Chrysler	Right Front/Passenger Frontal Deployment Loop (Stage 1) Circuit
B0022	Chrysler	Left Front/Driver Frontal Deployment Loop (Stage 1) Circuit
B0024	Chrysler	Left Front/Driver Frontal Deployment Loop (Stage 1) Circuit
B0026	Chrysler	Left Front/Driver Frontal Deployment Loop (Stage 1) Circuit
B0051	Chrysler	Deployment Commanded
B0053	Chrysler	Deployment Commanded with Loop Malfunctions Present
B0090	Chrysler	Active Switch Voltage Out of Range
B0091	Chrysler	Active Switch: Wrong State
B0332	Chrysler	Outside Air Temp Sensor Short to Ground
B0333	Chrysler	Outside Air Temperature Sensor Open
B0337	Chrysler	Inside Air Temp Sensor Short to GND
B0338	Chrysler	Inside Air Temperature Sensor Open
B0348	Chrysler	Sunload Temperature Sensor Open
B0361	Chrysler	Left Actuator Feedback Short to GND
B0363	Chrysler	Left Actuator Feedback Open
B0365	Chrysler	Right Actuator Feedback Short to GND
B0367	Chrysler	Right Actuator Feedback Open
B0432	Chrysler	Rear Defogger Relay Circuit
B0433	Chrysler	Rear Defogger Relay Circuit
B0441	Chrysler	Left Actuator Out of Range
B0446	Chrysler	Right Actuator Out of Range
B0502	Chrysler	RH DRL Relay Circuit
B0503	Chrysler	RH DRL Relay Circuit
B0507	Chrysler	LH DRL Relay Circuit
B0508	Chrysler	LH DRL Relay Circuit
B0516	Chrysler	Speedometer Signal Circuit Malfunction
B0521	Chrysler	Tachometer Signal Circuit Malfunction
B0605	Chrysler	BCM Internal Memory Malfunction
B0846	Chrysler	Battery 2 Out of Range
B0846	Chrysler	Battery Out of Range
B0851	Chrysler	Battery Out of Range
B0851	Chrysler	Battery 1 Out of Range
B0856	Chrysler	+5 Volt Reference Out of Range
B1000	Chrysler	ECU Malfunction
B1001	Chrysler	Option Configuration Error
B1512	Chrysler	Driver Information Center (DIC) Switch Circuit
B1513	Chrysler	Driver Information Center (DIC) Switch Circuit
B1514	Chrysler	Driver Information Center (DIC) Switch Circuit
B1515	Chrysler	Driver Information Center (DIC) Switch Circuit
B1516	Chrysler	Driver Information Center (DIC) Switch Circuit
B1517	Chrysler	Driver Information Center (DIC) Switch Circuit
B1518	Chrysler	Driver Information Center (DIC) Switch Circuit
B1519	Chrysler	Driver Information Center (DIC) Switch Circuit
B1520	Chrysler	Driver Information Center (DIC) Switch Circuit
B1521	Chrysler	Driver Information Center (DIC) Switch Circuit
B1522	Chrysler	Driver Information Center (DIC) Switch Circuit
B1523	Chrysler	Driver Information Center (DIC) Switch Circuit
B1524	Chrysler	Driver Information Center (DIC) Switch Circuit
B1525	Chrysler	Driver Information Center (DIC) Switch Circuit
B1526	Chrysler	Driver Information Center (DIC) Switch Circuit
B1527	Chrysler	Driver Information Center (DIC) Switch Circuit
B1528	Chrysler	Driver Information Center (DIC) Switch Circuit
B1529	Chrysler	Driver Information Center (DIC) Switch Circuit
B1530	Chrysler	Driver Information Center (DIC) Switch Circuit
B1531	Chrysler	Driver Information Center (DIC) Switch Circuit
B1532	Chrysler	Driver Information Center (DIC) Switch Circuit
B1533	Chrysler	Driver Information Center (DIC) Switch Circuit
B1534	Chrysler	Driver Information Center (DIC) Switch Circuit
B1535	Chrysler	Driver Information Center (DIC) Switch Circuit
B1536	Chrysler	Driver Information Center (DIC) Switch Circuit
B1537	Chrysler	Driver Information Center (DIC) Switch Circuit
B1542	Chrysler	Oil Temperature Circuit Short to Ground
B1543	Chrysler	Oil Temperature Circuit Open
B2172	Chrysler	Power Seat Switch Circuit
B2177	Chrysler	Power Seat Switch Circuit
B2182	Chrysler	Power Seat Switch Circuit
B2187	Chrysler	Power Seat Switch Circuit
B2192	Chrysler	Power Seat Switch Circuit
B2197	Chrysler	Power Seat Switch Circuit
B2202	Chrysler	Window Switch Circuit
B2203	Chrysler	Window Switch Circuit
B2204	Chrysler	Window Switch Circuit
B2205	Chrysler	Window Switch Circuit
B2206	Chrysler	Window Switch Circuit
B2207	Chrysler	Window Switch Circuit
B2208	Chrysler	Window Switch Circuit
B2222	Chrysler	Mirror Select Switch Circuit
B2223	Chrysler	Mirror Select Switch Circuit
B2224	Chrysler	Mirror Select Switch Circuit
B2226	Chrysler	Mirror Switch Circuit
B2227	Chrysler	Mirror Switch Circuit
B2228	Chrysler	Mirror Switch Circuit
B2229	Chrysler	Mirror Switch Circuit
B2230	Chrysler	Mirror Switch Circuit
B2231	Chrysler	Mirror Switch Circuit
B2232	Chrysler	Mirror Switch Circuit
B2233	Chrysler	Mirror Switch Circuit
B2234	Chrysler	Mirror Switch Circuit
B2236	Chrysler	Door Lock Switch Circuit
B2237	Chrysler	Door Lock Switch Circuit
B2238	Chrysler	Door Lock Switch Circuit
B2239	Chrysler	Door Lock Switch Circuit
B2242	Chrysler	Memory Switch Circuit
B2243	Chrysler	Memory Switch Circuit
B2244	Chrysler	Memory Switch Circuit
B2252	Chrysler	Door Key Cylinder Circuit
B2253	Chrysler	Door Key Cylinder Circuit
B2262	Chrysler	Mirror Position Sensor Signal Circuit
B2263	Chrysler	Mirror Position Sensor Signal Circuit
B2264	Chrysler	Mirror Position Sensor Signal Circuit
B2265	Chrysler	Mirror Position Sensor Signal Circuit
B2272	Chrysler	Mirror Motor Control Circuit
B2273	Chrysler	Mirror Motor Control Circuit
B2274	Chrysler	Window Motor Control Circuit
B2275	Chrysler	Window Motor Control Circuit
B2276	Chrysler	Door Lock Control Circuit
B2277	Chrysler	Door Lock Control Circuit
B2282	Chrysler	Battery #1 Circuit
B2283	Chrysler	Battery #1 Circuit
B2284	Chrysler	Battery #2 Circuit
B2285	Chrysler	Battery #2 Circuit
B2286	Chrysler	Mirror Position Sensor Circuit
B2287	Chrysler	Mirror Position Sensor Circuit
B2403	Chrysler	Front Fog Lamp Switch Circuit
B2408	Chrysler	Rear Fog Lamp Switch Circuit
B2482	Chrysler	Backup Lamp Relay Circuit
B2483	Chrysler	Backup Lamp Relay Circuit
B2527	Chrysler	Horn Relay Circuit
B2528	Chrysler	Horn Relay Circuit
B2567	Chrysler	Folding Top Release Switch Circuit
B2573	Chrysler	Hatch Release Switch Circuit
B2578	Chrysler	Right Front Turn Signal Monitor Circuit
B2583	Chrysler	Left Front Turn Signal Monitor Circuit
B2587	Chrysler	Column Lock/Unlock Drive A
B2588	Chrysler	Column Lock/Unlock Drive A
B2592	Chrysler	Column Lock/Unlock Drive B
B2593	Chrysler	Column Lock/Unlock Drive B
B2597	Chrysler	Traction Control System Switch Circuit
B2600	Chrysler	Seat Motor to Battery Voltage
B2605	Chrysler	Seat Position Sensor Circuit
B2606	Chrysler	Seat Position Sensor Circuit
B2607	Chrysler	Seat Position Sensor Circuit
B2647	Chrysler	Ambient Light Sensor Circuit Low
B2648	Chrysler	Ambient Light Sensor Circuit High
B2721	Chrysler	PASS-Key Detection Circuit
B2722	Chrysler	PASS-Key Detection Circuit
B2723	Chrysler	PASS-Key Detection Circuit
B2735	Chrysler	PASS-Key Programming Mode Active
B2795	Chrysler	Suspension Control Select Switch Circuit Malfunction
B2852	Chrysler	Telescoping Column In Switch Shorted to Ground
B2857	Chrysler	Telescoping Column Out Switch Shorted to Ground
B2860	Chrysler	Telescoping Column Position Sensor Failure
B3109	Chrysler	Keyless Entry Transmitter Low Battery
B3577	Chrysler	Suspension Control Select Switch Contact Malfunction
C0550	Chrysler	ECU Malfunction
C0563	Chrysler	Calibration ROM Checksum Error
C0615	Chrysler	Suspension Position Sensor Circuit
C0620	Chrysler	Suspension Position Sensor Circuit
C0625	Chrysler	Suspension Position Sensor Circuit
C0630	Chrysler	Suspension Position Sensor Circuit
C0665	Chrysler	Chassis Pitch Signal Circuit
C0690	Chrysler	Damper Control Relay Circuit Malfunction
C0691	Chrysler	Damper Control Relay Circuit Range
C0693	Chrysler	Damper Control Relay Circuit High
C0695	Chrysler	Position Sensor Overcurrent (8 volt supply)
C0710	Chrysler	Steering Position Signal Malfunction
C0750	Chrysler	Tire Pressure Sensor Circuit
C0755	Chrysler	Tire Pressure Sensor Circuit
C0760	Chrysler	Tire Pressure Sensor Circuit
C0765	Chrysler	Tire Pressure Sensor Circuit
C1214	Chrysler	Solenoid Valve Relay Contact or Coil Circuit Open
C1217	Chrysler	Pump Motor Relay Contact Circuit Open
C1218	Chrysler	Pump Motor Circuit Shorted to Voltage or Motor Ground Open
C1221	Chrysler	Wheel Speed Sensor Circuit
C1222	Chrysler	Wheel Speed Sensor Circuit
C1223	Chrysler	Wheel Speed Sensor Circuit
C1224	Chrysler	Wheel Speed Sensor Circuit
C1225	Chrysler	Wheel Speed Sensor Circuit
C1226	Chrysler	Wheel Speed Sensor Circuit
C1227	Chrysler	Wheel Speed Sensor Circuit
C1228	Chrysler	Wheel Speed Sensor Circuit
C1229	Chrysler	Wheel Speed Sensor Circuit
C1230	Chrysler	Wheel Speed Sensor Circuit
C1231	Chrysler	Wheel Speed Sensor Circuit
C1232	Chrysler	Wheel Speed Sensor Circuit
C1233	Chrysler	Wheel Speed Sensor Circuit
C1234	Chrysler	Wheel Speed Sensor Circuit
C1235	Chrysler	Wheel Speed Sensor Circuit
C1236	Chrysler	Low System Supply Voltage
C1237	Chrysler	High System Supply Voltage
C1241	Chrysler	MAGNA STEER Circuit Malfunction
C1242	Chrysler	Pump Motor Circuit
C1243	Chrysler	Pump Motor Circuit
C1247	Chrysler	Brake Pressure Differential Switch Activated
C1248	Chrysler	DRP Disabled
C1254	Chrysler	Abnormal Shutdown Detected
C1255	Chrysler	ECU Malfunction
C1256	Chrysler	ECU Malfunction
C1261	Chrysler	EBCM Internal Solenoid Circuit
C1262	Chrysler	EBCM Internal Solenoid Circuit
C1263	Chrysler	EBCM Internal Solenoid Circuit
C1264	Chrysler	EBCM Internal Solenoid Circuit
C1265	Chrysler	EBCM Internal Solenoid Circuit
C1266	Chrysler	EBCM Internal Solenoid Circuit
C1267	Chrysler	EBCM Internal Solenoid Circuit
C1268	Chrysler	EBCM Internal Solenoid Circuit
C1269	Chrysler	EBCM Internal Solenoid Circuit
C1270	Chrysler	EBCM Internal Solenoid Circuit
C1271	Chrysler	EBCM Internal Solenoid Circuit
C1272	Chrysler	EBCM Internal Solenoid Circuit
C1273	Chrysler	EBCM Internal Solenoid Circuit
C1274	Chrysler	EBCM Internal Solenoid Circuit
C1276	Chrysler	Delivered Torque Circuit
P1644	Chrysler	Delivered Torque Circuit
P1689	Chrysler	Delivered Torque Circuit
C1277	Chrysler	Powertrain Indicated Traction Control Malfunction
P1571	Chrysler	Powertrain Indicated Traction Control Malfunction
C1278	Chrysler	TCS Temporarily Inhibited By PCM
C1281	Chrysler	VSES Sensors Uncorrected
C1283	Chrysler	VSES Sensors Uncorrected
C1286	Chrysler	VSES Sensors Uncorrected
C1282	Chrysler	Yaw Rate Sensor Bias Circuit Malfunction
C1284	Chrysler	Lateral Accelerometer Circuit
C1285	Chrysler	Lateral Accelerometer Circuit
C1287	Chrysler	Steering Position Sensor Circuit
C1288	Chrysler	Steering Position Sensor Circuit
C1291	Chrysler	Open Brake Lamp Switch Contacts During Deceleration
C1292	Chrysler	Master Cylinder Pressure Sensor Circuit
C1293	Chrysler	Master Cylinder Pressure Sensor Circuit
C1296	Chrysler	Master Cylinder Pressure Sensor Circuit
C1294	Chrysler	Brake Lamp Switch Circuit Always Active
C1295	Chrysler	Brake Lamp Switch Circuit Open
;Chevy	Chrysler	Corvette OBD2 Powertrain Codes
;See	Chrysler	also: Generic OBD-II Powertrain Codes
P1111	Chrysler	Intake Air Temperature (IAT) Sensor Circuit Intermittent High Voltage
P1112	Chrysler	Intake Air Temperature (IAT) Sensor Circuit Intermittent Low Voltage
P1114	Chrysler	Engine Coolant Temperature (ECT) Sensor Circuit Intermittent Low Voltage
P1115	Chrysler	Engine Coolant Temperature (ECT) Sensor Circuit Intermittent High Voltage
P1120	Chrysler	Throttle Position (TP) Sensor 1 Circuit
P1125	Chrysler	Accelerator Pedal Position (APP) System
P1133	Chrysler	HO2S Insufficient Switching
P1153	Chrysler	HO2S Insufficient Switching
P1134	Chrysler	HO2S Transition Time Ratio
P1154	Chrysler	HO2S Transition Time Ratio
P1220	Chrysler	Throttle Position (TP) Sensor 2 Circuit
P1221	Chrysler	Throttle Position (TP) Sensor 1- 2 Correlation
P1258	Chrysler	Engine Coolant Overtemperature - Protection Mode Active
P1275	Chrysler	Accelerator Pedal Position (APP) Sensor 1 Circuit
P1276	Chrysler	Accelerator Pedal Position (APP) Sensor 1 Performance
P1280	Chrysler	Accelerator Pedal Position (APP) Sensor 2 Circuit
P1281	Chrysler	Accelerator Pedal Position (APP) Sensor 2 Performance
P1285	Chrysler	Accelerator Pedal Position (APP) Sensor 3 Circuit
P1286	Chrysler	Accelerator Pedal Position (APP) Sensor 3 Performance
P1336	Chrysler	Crankshaft Position (CKP) System Variation Not Learned
P1380	Chrysler	Misfire Detected - Rough Road Data Not Available
P1381	Chrysler	Misfire Detected - No Communication with Brake Control Module
P1415	Chrysler	Secondary Air Injection (AIR) System
P1416	Chrysler	Secondary Air Injection (AIR) System
P1431	Chrysler	Fuel Level Sensor 2 Performance
P1432	Chrysler	Fuel Level Sensor 2 Circuit Low Voltage
P1433	Chrysler	Fuel Level Sensor 2 Circuit High Voltage
P1441	Chrysler	Evaporative Emission (EVAP) System Flow During Non-Purge
P1514	Chrysler	Throttle Body Performance
P1515	Chrysler	Control Module Throttle Actuator Position Performance
P1516	Chrysler	Throttle Actuator Control (TAC) Module Throttle Actuator Position Performance
P1517	Chrysler	Throttle Actuator Control (TAC) Module Performance
P1518	Chrysler	Throttle Actuator Control (TAC) Module Serial Data Circuit
P1539	Chrysler	Air Conditioning (A/C) Clutch Feedback Circuit High Voltage
P1546	Chrysler	Air Conditioning (A/C) Clutch Feedback Circuit Low Voltage
P1574	Chrysler	Stoplamp Switch Circuit
P1575	Chrysler	Extended Travel Brake Switch Circuit
P1626	Chrysler	Theft Deterrent Fuel Enable Signal Lost
P1630	Chrysler	Theft Deterrent Learn Mode Active
P1631	Chrysler	Theft Deterrent Start Enable Signal Not Correct
P1635	Chrysler	5 Volt Reference 1 Circuit
P1637	Chrysler	Generator L-Terminal Circuit
P1638	Chrysler	Generator F-Terminal Circuit
P1639	Chrysler	5 Volt Reference 2 Circuit
P1652	Chrysler	Powertrain Induced Chassis Pitch Output Circuit
P1810	Chrysler	TFP Valve Position Switch Circuit
P1860	Chrysler	TCC PWM Solenoid Circuit Electrical
P1870	Chrysler	Transmission Component Slipping
;Chevrolet	Chrysler	Corvette U Codes
U1000	Chrysler	Class 2 Communication Malfunction
U1255	Chrysler	Class 2 Communication Malfunction
U1300	Chrysler	Class 2 Data Link Shorted
U1301	Chrysler	Class 2 Data Link Shorted
U1305	Chrysler	Class 2 Data Link Shorted
