P1105	Nissan	MAP/BARO Pressure Switch Solenoid Valve
P1126	Nissan	Thermostat Function
P1130	Nissan	Swirl Control Valve Control Solenoid Valve
P1148	Nissan	Closed Loop Control (Bank 1)
P1165	Nissan	Swirl Control Valve Control Vacuum Switch
P1168	Nissan	Closed Loop Control (Bank 2)
P1320	Nissan	Ignition Signal
P1211	Nissan	ABS/TCS Control Unit
P1212	Nissan	ABS/TCS Communication Line
P1217	Nissan	Engine Over Temperature (Overheat)
P1320	Nissan	Ignition Signal
P1335	Nissan	Crankshaft Position Sensor (REF)
P1336	Nissan	Crankshaft Position Sensor (CKPS)
P1400	Nissan	EGRC Solenoid Valve
P1401	Nissan	EGR Temperature Sensor
P1402	Nissan	EGR System
P1440	Nissan	EVAP Control System Small Leak
P1441	Nissan	Vacuum Cut Valve Bypass Valve
P1444	Nissan	Canister Purge Volume Control Solenoid Valve
P1445	Nissan	EVAP Canister Purge Volume Control Valve
P1446	Nissan	EVAP Canister Vent Control Valve (Closed)
P1447	Nissan	EVAP Control System Purge Flow Monitoring
P1448	Nissan	EVAP Canister Vent Control Valve (Open)
P1464	Nissan	Fuel Level Sensor Circuit (Ground Signal)
P1490	Nissan	Vacuum Cut Valve Bypass Valve (Circuit)
P1491	Nissan	Vacuum Cut Valve Bypass Valve
P1492	Nissan	EVAP Canister Purge Control/Solenoid Valve (Circuit)
P1493	Nissan	EVAP Canister Purge Control Valve/Solenoid Valve
P1550	Nissan	TCC Solenoid Valve
P1605	Nissan	A/T Diagnostic Communication Line
P1705	Nissan	Throttle Position Sensor Circuit A/T
P1706	Nissan	Park/Neutral Position (PNP) Switch
P1760	Nissan	Overrun Clutch Solenoid Valve (Circuit)
