P1105	Infiniti	MAP/BARO Switch Solenoid Valve
P1110	Infiniti	Intake Valve Timing Control (Left Bank)
P1120	Infiniti	Secondary Throttle Position Sensor (STPS)
P1125	Infiniti	TPS Intermittant
P1130	Infiniti	Swirl Control Valve Control Solenoid Valve
P1135	Infiniti	Intake Valve Timing Control (Right Bank)
P1140	Infiniti	Intake Valve Timing Control Position Sensor (Left Bank)
P1145	Infiniti	Intake Valve Timing Control Position Sensor (Right Bank)
P1148	Infiniti	Closed Loop Control (Bank 1)
P1165	Infiniti	Swirl Control Valve Control Vacuum Check Switch
P1168	Infiniti	Closed Loop Control (Bank 2)
P1210	Infiniti	Traction Control System (TCS) Signal Circuit
P1220	Infiniti	Fuel Pump Control Module (FPCM)
P1320	Infiniti	Ignition Signal, Primary
P1335	Infiniti	Crankshaft Position Sensor (CKPS) (Ref)
P1336	Infiniti	Crankshaft Position Sensor (CKPS) (Cog)
P1400	Infiniti	EGRC Solenoid Valve
P1401	Infiniti	EGR Temperature Sensor
P1402	Infiniti	EGR Function (Open)
P1440	Infiniti	EVAP Control System (Small Leak) (Positive Pressure)
P1441	Infiniti	VC/V Bypass Valve
P1443	Infiniti	Canister Control Vacuum Check Switch
P1444	Infiniti	Canister Purge Volume Control Solenoid Valve
P1445	Infiniti	Purge Volume Control/V
P1446	Infiniti	EVAP Canister Vent Control Valve (Close)
P1447	Infiniti	EVAP Control System Purge Flow Monitoring
P1448	Infiniti	EVAP Canister Vent Control Valve (Open)
P1490	Infiniti	Vacuum Cut Valve Bypass Valve (Circuit)
P1491	Infiniti	Vacuum Cut Valve Bypass Valve
P1492	Infiniti	EVAP Canister Purge Control/Solenoid Valve (Circuit)
P1493	Infiniti	EVAP Canister Purge Control Valve/Solenoid Valve
P1605	Infiniti	A/T Diagnosis Communication Line
P1705	Infiniti	Throttle Position Sensor
P1706	Infiniti	PNP Switch
P1760	Infiniti	Overrun Clutch Solenoid Valve
P1900	Infiniti	Cooling Fan
