P1100	Lexus	BARO Sensor Circuit Malfunction
P1120	Lexus	Accelerator Pedal Position Sensor Circuit Malfunction
P1121	Lexus	Accelerator Pedal Position Sensor Range/Performance Problem
P1125	Lexus	Throttle Control Motor Circuit Malfunction
P1126	Lexus	Magnetic Clutch Circuit Malfunction
P1127	Lexus	ECTS Actuator Power Source Circuit Malfunction
P1128	Lexus	Throttle Control Motor Lock Malfunction
P1129	Lexus	Electronic Throttle Control System
P1130	Lexus	Air/Fuel Ratio Sensor Circuit Range/Performance Malfunction (Bank 1 Sensor 1)
P1133	Lexus	Air/Fuel Ratio Sensor Circuit Response Malfunction (Bank 1 Sensor 1)
P1135	Lexus	Air/Fuel Ratio Sensor Heater Circuit Malfunction (Bank 1 Sensor 1)
P1150	Lexus	Air/Fuel Ratio Sensor Circuit Range/Performance Malfunction (Bank 2 Sensor 1)
P1153	Lexus	Air/Fuel Ratio Sensor Circuit Response Malfunction (Bank 2 Sensor 1)
P1155	Lexus	Air/Fuel Ratio Sensor Heater Circuit Malfunction (Bank 1 Sensor 1)
P1200	Lexus	Fuel Pump Relay/ECU Circuit Malfunction
P1300	Lexus	Igniter Circuit Malfunction (Bank 1 Or No. 1)
P1305	Lexus	Igniter Circuit Malfunction, (Bank 2 Or No. 2)
P1310	Lexus	Igniter Circuit Malfunction (No. 3)
P1315	Lexus	Igniter Circuit Malfunction (No. 4)
P1320	Lexus	Igniter Circuit Malfunction (No. 5)
P1325	Lexus	Igniter Circuit Malfunction (No. 6)
P1330	Lexus	Igniter Circuit Malfunction (No. 7)
P1335	Lexus	CKP Sensor Circuit Malfunction During Engine Running
P1340	Lexus	Igniter Circuit Malfunction (No. 8)
P1345	Lexus	VVT Sensor Circuit Malfunction (Bank 1)
P1346	Lexus	VVT Sensor Rang/Performance Problem (Bank 1)
P1349	Lexus	VVT System Malfunction (Bank 1)
P1350	Lexus	VVT Sensor Circuit Malfunction (Bank 2)
P1351	Lexus	VVT Sensor Range/Performance Problem (Bank 2)
P1354	Lexus	VVT System Malfunction (Bank 2)
P1400	Lexus	Sub-TP Sensor Malfunction
P1401	Lexus	Sub-TP Sensor Range/Performance
P1410	Lexus	EGR Valve Position Sensor Circuit Malfunction
P1411	Lexus	EGR Valve Position Sensor Circuit Range/Performance Malfunction
P1500	Lexus	Starter Signal Circuit Malfunction
P1520	Lexus	Stop Lamp Switch Malfunction
P1565	Lexus	Cruise Control Main Switch Circuit Malfunction
P1566	Lexus	Cruise Control Main Switch Circuit Malfunction
P1600	Lexus	ECM BATT Malfunction
P1605	Lexus	Knock Control CPU Malfunction
P1633	Lexus	ECM Malfunction (ETCS Circuit)
P1645	Lexus	Body ECU Malfunction
P1656	Lexus	OCV Circuit Malfunction (Bank 1)
P1663	Lexus	OCV Circuit Malfunction (Bank 2)
P1780	Lexus	PNP Switch Malfunction
B2785	Lexus	Ignition Switch On Malfunction (Immobilizer System)
B2786	Lexus	Ignition Switch Off Malfunction (Immobilizer System)
B2785	Lexus	Ignition Switch On Malfunction (Immobilizer System)
B2791	Lexus	Key Unlock Warning Switch Malfunction (Immobilizer System)
B2795	Lexus	Unmatch Key Code (Immobilizer System)
B2796	Lexus	No Communication In Immobilizer System
B2797	Lexus	Communication Malfunction No. 1 (Immobilizer System)
B2798	Lexus	Communication Malfunction No. 2 (Immobilizer System)
