P1086	Subaru	Tumble generator valve #2 (LH) position sensor circuit low input
P1087	Subaru	Tumble generator valve #2 (LH) position sensor circuit high input
P1088	Subaru	Tumble generator valve #1 (RH) position sensor circuit low input
P1089	Subaru	Tumble generator valve #1 (RH) position sensor circuit high input
P1090	Subaru	Tumble generator valve #1 (RH) malfunction (stuck open)
P1091	Subaru	Tumble generator valve #1 (RH) malfunction (stuck close)
P1092	Subaru	Tumble generator valve #2 (LH) malfunction (stuck open)
P1093	Subaru	Tumble generator valve #2 (LH) malfunction (stuck close)
P1094	Subaru	Tumble generator valve circuit #1 (open circuit)
P1095	Subaru	Tumble generator valve circuit #1 (over current)
P1096	Subaru	Tumble generator valve circuit #2 (open circuit)
P1097	Subaru	Tumble generator valve circuit #2 (over current)
P1100	Subaru	Starter Switch Circuit Malfunction
P1101	Subaru	Neutral Position Switch Circuit High Input (A/T)
P1101	Subaru	Neutral Position Switch Circuit Malfunction (M/T)
P1102	Subaru	Pressure Sources Solenoid Valve Circuit Malfunction
P1103	Subaru	Pressure Sources Switching Solenoid Valve Circuit
P1104	Subaru	Engine Torque Control Signal Circuit Malfunction
P1106	Subaru	Engine Torque Control Signal 2 Circuit Malfunction
P1110	Subaru	Atmospheric pressure sensor low input
P1111	Subaru	Atmospheric pressure sensor high input
P1112	Subaru	Atmospheric pressure sensor range/performance problem
P1115	Subaru	Engine Torque Control Cut Signal Circuit High Input
P1116	Subaru	Engine Torque Control Cut Signal Circuit Low Input
P1120	Subaru	Starter Switch High Input
P1121	Subaru	Neutral Position Switch Circuit High Input [MT Vehicles]
P1121	Subaru	Neutral Position Switch Circuit Low Input [AT Vehicles]
P1122	Subaru	Pressure Sources Switching Valve Circuit High Input
P1124	Subaru	TCS Signal Circuit High Input
P1130	Subaru	Front oxygen sensor circuit malfunction (open circuit)
P1131	Subaru	Front oxygen sensor circuit malfunction (short circuit)
P1134	Subaru	Front oxygen (A/F) sensor microcomputer problem
P1137	Subaru	Front oxygen (A/F) sensor circuit range/performance problem
P1139	Subaru	Front oxygen (A/F) sensor #1 heater circuit performance/range problem
P1141	Subaru	Mass Air Flow Sensor Circuit High Input
P1142	Subaru	Mass Air Flow Sensor Circuit Low Input
P1143	Subaru	Pressure Sensor Circuit Low Input
P1144	Subaru	Pressure Sensor Circuit High Input
P1146	Subaru	Pressure sensor circuit range/performance problem (high input)
P1150	Subaru	Front Oxygen Sensor Heater Circuit High Input
P1151	Subaru	Rear Oxygen Sensor Heater Circuit High Input
P1230	Subaru	Fuel pump control unit malfunction
P1244	Subaru	Wastegate control solenoid valve malfunction (low input)
P1245	Subaru	Wastegate control solenoid valve malfunction (fail-safe)
P1301	Subaru	Fire due to increased exhaust temperature
P1312	Subaru	Exhaust temperature sensor malfunction
P1325	Subaru	Knock Sensor Circuit Low Input
P1400	Subaru	Fuel Tank Pressure Control Solenoid Low Input
P1420	Subaru	Fuel Tank Pressure Control Solenoid High Input
P1421	Subaru	Exhaust Gas Recirculation Circuit High Input
P1422	Subaru	EVAP Purge Control Valve Circuit High Input
P1423	Subaru	EVAP Vent Control High Input
P1440	Subaru	Fuel Tank Pressure Control System Low Input
P1441	Subaru	Fuel Tank Pressure Control System High Input
P1442	Subaru	Fuel Level Sensor Circuit Range/Perf
P1443	Subaru	EVAP Control System Vent Control Function Problem
P1480	Subaru	Cooling fan relay 1 circuit high input
P1500	Subaru	Radiator Fan Relay 1 Circuit Malfunction
P1501	Subaru	Idle Control System Malfunction (Fail Safe)
P1502	Subaru	Radiator Fan Function Problem
P1507	Subaru	Idle Control System Malfunction (Fail Safe)
P1510	Subaru	Idle Air Control Solenoid Signal 1 Circuit Low Input
P1511	Subaru	Idle Air Control Solenoid Signal 1 Circuit High Input
P1512	Subaru	Idle Air Control Solenoid Signal 2 Circuit Low Input
P1513	Subaru	Idle Air Control Solenoid Signal 2 Circuit High Input
P1514	Subaru	Idle Air Control Solenoid Signal 3 Circuit Low Input
P1515	Subaru	Idle Air Control Solenoid Signal 3 Circuit High Input
P1516	Subaru	Idle Air Control Solenoid Signal 4 Circuit Low Input
P1517	Subaru	Idle Air Control Solenoid Signal 4 Circuit High Input
P1518	Subaru	Starter switch circuit low input
P1520	Subaru	Radiator Fan Relay 1 Circuit High Input
P1540	Subaru	Vehicle Speed Sensor Malfunction 2
P1544	Subaru	High exhaust temperature detected
P1560	Subaru	Back-Up Voltage Circuit Malfunction
P1590	Subaru	Neutral position switch circuit high input
P1591	Subaru	Neutral position switch circuit low input
P1592	Subaru	Neutral position switch circuit (MT model)
P1594	Subaru	Automatic transmission diagnosis input signal circuit malfunction
P1595	Subaru	Automatic transmission diagnosis input signal circuit low input
P1596	Subaru	Automatic transmission diagnosis input signal circuit high input
P1698	Subaru	Engine torque control cut signal circuit low input
P1699	Subaru	Engine torque control cut signal circuit high input
P1700	Subaru	Throttle Position Sensor Circuit Malfunction (A/T)
P1701	Subaru	Cruise Control Set Signal Circuit Malfunction (A/T)
P1702	Subaru	Auto Trans Diagnosis Input Signal Circuit
P1703	Subaru	Low clutch timing control solenoid valve circuit malfunction
P1704	Subaru	2-4 Brake Timing Solenoid Valve Circuit Malfunction
P1705	Subaru	2-4 Brake Pressure Solenoid Valve (Solenoid D) Circuit
P1711	Subaru	Engine torque control signal 1 circuit malfunction
P1712	Subaru	Engine torque control signal 2 circuit malfunction
P1722	Subaru	Auto Trans Diagnosis Input Signal High Input
P1742	Subaru	Auto Trans Diagnosis Input Signal Malfunction
