P1000	Mazda	OBD II Monitor Testing Not Completed
P1001	Mazda	Unable to Achieve Self-Test Function or SCP Error
P1100	Mazda	Mass Airflow Sensor Circuit Intermittent
P1101	Mazda	Mass Airflow Sensor Circuit out of Self-Test Range
P1102	Mazda	Mass Airflow Sensor Signal Inconsistent with Throttle Position Sensor
P1103	Mazda	Mass Airflow Sensor Signal Inconsistent with Engine Speed
P1110	Mazda	Intake Air Temperature Sensor Signal (Dynamic Chamber) Circuit
P1112	Mazda	Intake Air Temperature Sensor Circuit Intermittent
P1113	Mazda	Intake Air Temperature Sensor Signal (Dynamic Chamber) Circuit
P1114	Mazda	Intake Air Temperature Sensor Circuit Low Input
P1116	Mazda	ECT Sensor Circuit Out of Self Test Range
P1117	Mazda	ECT Sensor Signal Intermittent
P1120	Mazda	Throttle Position Sensor out of Range Low
P1121	Mazda	Throttle Position Sensor Signal Not Consistent with Mass Airflow Signal
P1122	Mazda	Throttle Position Stuck Closed
P1123	Mazda	Throttle Position Stuck Open
P1124	Mazda	Throttle Position Sensor Signal Out of Self Test Range
P1125	Mazda	Throttle Position Sensor Signal Intermittent
P1127	Mazda	HO2S Bank 1 Sensor 2 Heater Not On During Key On Engine Running Self Test
P1128	Mazda	HO2S Bank 1 Sensor 1 Signals Swapped in Key On Engine Running Self Test
P1130	Mazda	HO2S Bank 1 Sensor 1 Not Switching (Fuel Control Limit Reached)
P1131	Mazda	HO2S Bank 1 Sensor 1 Signal Below 0.45v (A/F Ratio Too Lean)
P1132	Mazda	HO2S Bank 1 Sensor 1 Signal Above 0.45v (A/F Ratio Too Rich)
P1135	Mazda	HO2S Bank 1 Sensor 1 Heater Circuit Low Input
P1136	Mazda	HO2S Bank 1 Sensor 1 Heater Circuit High Input
P1137	Mazda	HO2S Bank 1 Sensor 2 Not Switching (Fuel Control Limit Reached)
P1138	Mazda	HO2S Bank 1 Sensor 2 Signal Above 0.45v (A/F Ratio Too Rich)
P1141	Mazda	HO2S Bank 1 Sensor 2 Heater Circuit Low Input
P1142	Mazda	HO2S Bank 1 Sensor 2 Heater Circuit High Input
P1143	Mazda	HO2S Bank 1 Sensor 3 Signal Below 0.45v (A/F Ratio Too Lean)
P1144	Mazda	HO2S Bank 1 Sensor 3 Signal Above 0.45v (A/F Ratio Too Rich)
P1150	Mazda	HO2S Bank 2 Sensor 1 Not Switching (Fuel Control Limit Reached)
P1151	Mazda	HO2S Bank 2 Sensor 1 Signal Below 0.45v (A/F Ratio Too Lean)
P1152	Mazda	HO2S Bank 2 Sensor 1 Signal Above 0.45v (A/F Ratio Too Rich)
P1169	Mazda	HO2S Bank 1 Sensor 1 Circuit Fixed (Bank 1 Sensor 1)
P1170	Mazda	HO2S Bank 1 Sensor 1 Circuit Fixed (Bank 1 Sensor 1)
P1173	Mazda	HO2S Bank 2 Sensor 1 Circuit Fixed (Bank 2 Sensor 1)
P1195	Mazda	EGR Boost Sensor Circuit
P1196	Mazda	Ignition Switch Start Circuit
P1235	Mazda	Fuel Pump Control Circuit
P1236	Mazda	Fuel Pump Control Out Range
P1250	Mazda	Pressure Regulator Control Solenoid Circuit
P1252	Mazda	Pressure Regulator Control Solenoid '2' Circuit
P1260	Mazda	Anti-Theft System Signal Detected - Engine Disabled
P1270	Mazda	Engine RPM or Vehicle Speed Limit Reached
P1309	Mazda	Misfire Detection Monitor
P1345	Mazda	No CMP or SGC Signal
P1351	Mazda	Ignition Diagnostic Monitor Signal Lost to PCM or Out Of Range
P1352	Mazda	Ignition Coil 'A' Primary Circuit
P1353	Mazda	Ignition Coil 'B' Primary Circuit
P1354	Mazda	Ignition Coil 'C' Primary Circuit
P1358	Mazda	Ignition Diagnostic Monitor Signal Out Of Self Test Range
P1359	Mazda	SPOUT Signal Lost To Powertrain Control Module Or Out Of Range
P1360	Mazda	Ignition Coil 'A' Secondary Circuit
P1361	Mazda	Ignition Coil 'B' Secondary Circuit
P1362	Mazda	Ignition Coil 'C' Secondary Circuit
P1364	Mazda	Ignition Coil Primary Circuit
P1365	Mazda	Ignition Coil Secondary Circuit
P1390	Mazda	Octane Adjust Shorting Bar Out or Circuit Open
P1400	Mazda	DPFE Sensor Circuit Low Input
P1401	Mazda	DPFE Sensor Circuit High Input
P1402	Mazda	EGR Valve Position Sensor Circuit
P1405	Mazda	DPFE Sensor Upstream Hose Off Or Plugged
P1406	Mazda	DPFE Sensor Downstream Hose Off or Plugged
P1407	Mazda	No EGR Flow Detected
P1408	Mazda	EGR System Flow Out of Key On Engine Running Self Test Range
P1409	Mazda	EGR Vacuum Regulator Solenoid Circuit
P1410	Mazda	EGR Boost Solenoid Valve Stuck
P1443	Mazda	EVAP System Purge Flow Fault
P1444	Mazda	EVAP Purge Flow Sensor Circuit Low Voltage
P1446	Mazda	EVAP Purge Flow Sensor Circuit High Voltage
P1449	Mazda	CDCV or Throttle PositionCV Circuit
P1450	Mazda	EVAP Control System Fault
P1451	Mazda	Canister Vent Solenoid Circuit
P1455	Mazda	Fuel Tank Level Sensor Circuit
P1460	Mazda	Wide Open Throttle A/C Cut-Off Relay Circuit
P1464	Mazda	Air Conditioning Control Signal Circuit
P1474	Mazda	Fan Control (Primary Winding) Circuit
P1479	Mazda	Fan Control (Condenser Primary) Circuit
P1485	Mazda	EGR Vacuum Solenoid Circuit
P1486	Mazda	EGR Vent Solenoid Circuit
P1487	Mazda	EGR-CHK (Boost) Solenoid Circuit
P1496	Mazda	EGR Valve Motor Coil '1' Open or Shorted
P1497	Mazda	EGR Valve Motor Coil '2' Open or Shorted
P1498	Mazda	EGR Valve Motor Coil '3 Open or Shorted
P1499	Mazda	EGR Valve Motor Coil '4' Open or Shorted
P1500	Mazda	Vehicle Speed Sensor Intermittent Signal
P1501	Mazda	Vehicle Speed Sensor Out of Self Test Range
P1502	Mazda	Vehicle Speed Sensor Circuit Error
P1504	Mazda	Idle Air Control Solenoid Circuit Intermittent
P1505	Mazda	Idle Air Control System at Adaptive Clip
P1506	Mazda	Idle Air Control System Overspeed Detected
P1507	Mazda	Idle Air Control System Underspeed Detected
P1508	Mazda	Bypass Air Solenoid '1' Circuit
P1509	Mazda	Bypass Air Solenoid '2 Circuit
P1512	Mazda	VTCS Fault
P1521	Mazda	VRIS Solenoid '1' Circuit
P1522	Mazda	VRIS Solenoid '2 Circuit
P1523	Mazda	VICS Solenoid Circuit
P1524	Mazda	Charge Air Cooler Bypass Solenoid Circuit
P1525	Mazda	ABV Vacuum Solenoid Circuit
P1526	Mazda	ABV Vent Solenoid Circuit
P1529	Mazda	L/C Atmospheric Balance Air Control Valve Circuit
P1540	Mazda	ABV System Fault
P1562	Mazda	Powertrain Control Module +BB Voltage Low
P1569	Mazda	VTCS Circuit Low Input
P1570	Mazda	VTCS Circuit High Input
P1601	Mazda	Powertrain Control Module Communication Line to TCM Error
P1602	Mazda	Powertrain Control Module Communication Line to TCM Error
P1602	Mazda	Immobilizer System Communication Error with Powertrain Control Module
P1603	Mazda	Immobilizer System Fault
P1604	Mazda	Immobilizer System Fault
P1605	Mazda	Powertrain Control Module Keep Alive Memory Test Error
P1608	Mazda	Powertrain Control Module (ECM CPU) DTC Test Fault
P1609	Mazda	Powertrain Control Module (ECM CPU) Knock Sensor Circuit
P1621	Mazda	lmmobilizer System Fault
P1622	Mazda	lmmobilizer System Fault
P1623	Mazda	lmmobilizer System Fault
P1624	Mazda	lmmobilizer System Fault
P1627	Mazda	Powertrain Control Module (ECM/TCS) Line Communication Error
P1628	Mazda	Powertrain Control Module (ECM/TCS) Any Line Communication Error
P1631	Mazda	Generator Output Voltage Signal (No Output)
P1632	Mazda	Battery Voltage Monitor Circuit
P1633	Mazda	Battery Overcharge Fault
P1634	Mazda	Generator Terminal 'B' Circuit Open
P1650	Mazda	Power Steering Pressure Switch Out of Range Fault
P1651	Mazda	Power Steering Pressure Switch Circuit
P1652	Mazda	Power Steering Pressure Switch Circuit
P1701	Mazda	Transmission Range Sensor Reverse Engagement Error
P1702	Mazda	Transmission Range Sensor Circuit Intermittent
P1703	Mazda	Brake On/Off Switch Out of Self Test Range
P1705	Mazda	Transmission Range Sensor out of Self Test Range
P1709	Mazda	Clutch Pedal Position Switch Circuit
P1711	Mazda	Transmission Fluid Temperature Sensor Circuit out of Self Test Range
P1713	Mazda	Transmission Fluid Temperature Sensor Circuit
P1714	Mazda	Shift Solenoid '1' Mechanical Fault
P1715	Mazda	Shift Solenoid '2' Mechanical Fault
P1716	Mazda	Shift Solenoid '3' Mechanical Fault
P1717	Mazda	Shift Solenoid '4' Mechanical Fault
P1718	Mazda	Transmission Fluid Temperature Sensor Circuit
P1720	Mazda	Vehicle Speed Sensor '2' Signal Error
P1729	Mazda	Transmission 4x4 Low Switch Error
P1740	Mazda	Torque Converter Clutch Solenoid Mechanical Fault
P1741	Mazda	Torque Converter Clutch Control Electrical Fault
P1742	Mazda	Torque Converter Clutch Solenoid Shorted
P1743	Mazda	Torque Converter Clutch Failed On - TCIL is On
P1744	Mazda	Torque Converter Clutch Solenoid Mechanical Fault
P1746	Mazda	Electronic Pressure Control Solenoid Circuit Open
P1747	Mazda	Electronic Pressure Control Solenoid Circuit
P1749	Mazda	Electronic Pressure Control Solenoid Circuit Low
P1751	Mazda	Transmission Shift Solenoid 'A' Mechanical Fault
P1752	Mazda	Transmission Shift Solenoid 'A' Circuit Shorted
P1754	Mazda	Transmission Coast Clutch Solenoid Electrical Fault
P1756	Mazda	Transmission Shift Solenoid 'B' Mechanical Fault
P1757	Mazda	Transmission Shift Solenoid 'B' Circuit Shorted
P1761	Mazda	Transmission Shift Solenoid '3' Mechanical Fault
P1762	Mazda	Transmission SS3/SS4/OD Band Fault
P1765	Mazda	Transmission 3-2 Timing Solenoid Valve
P1767	Mazda	Torque Converter Clutch Solenoid Circuit
P1771	Mazda	Throttle Position Sensor Circuit Open to Transmission Control Module
P1772	Mazda	Throttle Position Sensor Circuit Shorted to Transmission Control Module
P1780	Mazda	Transmission Control Switch Circuit
P1780	Mazda	Overdrive Off Switch not Cycled during the Self Test
P1781	Mazda	Transmission 4x4 Low Switch out of Range Fault
P1783	Mazda	Transmission Fluid Temperature High Input
P1788	Mazda	3-2T/CCS Circuit Open
P1789	Mazda	3-2T/CCS Circuit Shorted
P1794	Mazda	Powertrain Control Module Battery Direct Power Circuit
P1797	Mazda	P/N Switch Open or Short Circuit
P1900	Mazda	Turbine Speed Sensor Circuit Intermittent
P1901	Mazda	Torque Converter Clutch Circuit Intermittent
