P1106	Honda	Barometric Pressure Circuit Range/Performance
P1107	Honda	Barometric Pressure Circuit Low Input
P1108	Honda	Barometric Pressure Circuit High Input
P1121	Honda	Throttle Position Lower Than Expected
P1122	Honda	Throttle Position Higher Than Expected
P1128	Honda	MAP Lower Than Expected
P1129	Honda	MAP Higher Than Expected
P1149	Honda	Primary HO2S (Sensor 1) Circuit Range/Performance Problem
P1162	Honda	Primary HO2S (No. 1) Circuit Malfunction
P1163	Honda	Primary HO2S (No. 1) Circuit Slow Response
P1164	Honda	Primary HO2S (No. 1) Circuit Range/Performance
P1165	Honda	Primary HO2S (No. 1) Circuit Range/Performance
P1166	Honda	Primary HO2S (No. 1) Heater System Electrical
P1167	Honda	Primary HO2S (No. 1) Heater System
P1168	Honda	Primary HO2S (No. 1) LABEL Low Input
P1169	Honda	Primary HO2S (No. 1) LABEL High Input
P1253	Honda	VTEC System Malfunction
P1257	Honda	VTEC System Malfunction
P1258	Honda	VTEC System Malfunction
P1259	Honda	VTEC System Malfunction
P1297	Honda	Electrical Load Detector Circuit Low Input
P1298	Honda	Electrical Load Detector Circuit High Input
P1300	Honda	Multiple Cylinder Misfire Detected
P1336	Honda	CSF Sensor Intermittent Interruption
P1337	Honda	CSF Sensor No Signal
P1359	Honda	CKP/TDC Sensor Connector Disconnection
P1361	Honda	Intermittent Interruption In TDC 1 Sensor Circuit
P1362	Honda	No Signal In TDC 1 Sensor Circuit
P1366	Honda	Intermittent Interruption In TDC 2 Sensor Circuit
P1367	Honda	No Signal In TDC 2 Sensor Circuit
P1381	Honda	Cylinder Position Sensor Intermittent Interruption
P1382	Honda	Cylinder Position Sensor No Signal
P1456	Honda	EVAP Emission Control System Leak Detected (Fuel Tank System)
P1457	Honda	EVAP Emission Control System Leak Detected (Control Canister System)
P1459	Honda	EVAP Emission Purge Flow Switch Malfunction
P1486	Honda	Thermostat Range/Performance Problem
P1491	Honda	EGR Valve Lift Insufficient Detected
P1498	Honda	EGR Valve Lift Sensor High Voltage
P1508	Honda	IAC Valve Circuit Failure
P1509	Honda	IAC Valve Circuit Failure
P1519	Honda	Idle Air Control Valve Circuit Failure
P1607	Honda	ECM/PCM Internal Circuit Failure A
P1655	Honda	SEAF/SEFA/TMA/TMB Signal Line Failure
P1656	Honda	Automatic Transaxle
P1660	Honda	Automatic Transaxle FI Signal A Circuit Failure
P1676	Honda	FPTDR Signal Line Failure
P1678	Honda	FPTDR Signal Line Failure
P1681	Honda	Automatic Transaxle FI Signal A Low Input
P1682	Honda	Automatic Transaxle FI Signal A High Input
P1686	Honda	Automatic Transaxle FI Signal B Low Input
P1687	Honda	Automatic Transaxle FI Signal B High Input
P1705	Honda	Automatic Transaxle Concerns
P1706	Honda	Automatic Transaxle Concerns
P1738	Honda	Automatic Transaxle Concerns
P1739	Honda	Automatic Transaxle Concerns
P1753	Honda	Automatic Transaxle Concerns
P1758	Honda	Automatic Transaxle Concerns
P1768	Honda	Automatic Transaxle Concerns
P1773	Honda	Automatic Transaxle Concerns
P1785	Honda	Automatic Transaxle Concerns
P1786	Honda	Automatic Transaxle Concerns
P1790	Honda	Automatic Transaxle Concerns
P1791	Honda	Automatic Transaxle Concerns
P1792	Honda	Automatic Transaxle Concerns
P1793	Honda	Automatic Transaxle Concerns
P1794	Honda	Automatic Transaxle Concerns
P1870	Honda	Automatic Transaxle Concerns
P1873	Honda	Automatic Transaxle Concerns
P1879	Honda	Automatic Transaxle Concerns
P1885	Honda	Automatic Transaxle Concerns
P1886	Honda	Automatic Transaxle Concerns
P1888	Honda	Automatic Transaxle Concerns
P1890	Honda	Automatic Transaxle Concerns
P1891	Honda	Automatic Transaxle Concerns
