P1100	Hyundai	Manifold Absolute Pressure (MAP) Sensor Malfunction (Open/Short)
P1102	Hyundai	Manifold Absolute Pressure (MAP) Sensor Malfunction - Low Voltage
P1103	Hyundai	Manifold Absolute Pressure (MAP) Sensor Malfunction - High Voltage
P1147	Hyundai	ETS Sub Accel Position Sensor 1 Malfunction
P1151	Hyundai	ETS Main Accel Position Sensor 2 Malfunction
P1155	Hyundai	ETS Limp Home Valve
P1159	Hyundai	Variable Intake Motor Malfunction
P1171	Hyundai	Electronic Throttle System Open
P1172	Hyundai	Electronic Throttle System Motor Current
P1173	Hyundai	Electronic Throttle System Rationality Malfunction
P1174	Hyundai	Electronic Throttle System #1 Close Malfunction
P1175	Hyundai	Electronic Throttle System #2 Close Malfunction
P1176	Hyundai	ETS Motor Open/Short #1
P1176	Hyundai	ETS Motor Open/Short #2
P1178	Hyundai	ETS Motor Battery Voltage Open
P1330	Hyundai	Spark Timing Adjust Malfunction
P1521	Hyundai	Power Steering Switch Malfunction
P1607	Hyundai	Electronic Throttle System Communication Error
P1614	Hyundai	Electronic Throttle System Module Malfunction
P1632	Hyundai	Traction Control System Malfunction
