P1100	Jaguar	MAF Sensor Intermittent/ Check of all OBDII Systems Not Complete
P1101	Jaguar	MAF Sensor Out Of Self Test Range./KOER Not Able To Complete KOER Aborted
P1102	Jaguar	MAF Sensor In Range But Lower Than Expected
P1103	Jaguar	MAF Sensor In Range But Higher Than Expected
P1104	Jaguar	MAF Ground Malfunction
P1105	Jaguar	Dual Alternator Upper Fault
P1106	Jaguar	Dual Alternator Lower Fault/ Manifold Absolute Pressure (MAP) Sensor Circuit Intermittent High Voltage
P1107	Jaguar	Dual Alternator Lower Circuit Malfunction/ Manifold Absolute Pressure (MAP) Sensor Circuit Intermittent Low Voltage
P1108	Jaguar	Dual Alternator Battery Lamp Circuit Malfunction
P1109	Jaguar	IAT - B Sensor Intermittent
P1110	Jaguar	IAT Sensor (D/C) Open/Short
P1111	Jaguar	Intake Air Temperature (IAT) Sensor Circuit Intermittent High Voltage
P1112	Jaguar	Intake Air Temperature (IAT) Sensor Circuit Intermittent Low Voltage
P1113	Jaguar	IAT Sensor Open/Short
P1114	Jaguar	Engine Coolant Temperature (ECT) Sensor Circuit Intermittent Low Voltage/IAT - B Circuit Low Input
P1115	Jaguar	Engine Coolant Temperature (ECT) Sensor Circuit Intermittent High Voltage/IAT - B Circuit High Input
P1116	Jaguar	Engine Coolant sensor out of range/ECT Sensor Out Of Self Test Range
P1117	Jaguar	Engine Coolant Sensor intermittent/ECT Sensor Intermittent
P1118	Jaguar	Manifold Absolute Temperature Circuit Low Input
P1119	Jaguar	Manifold Absolute Temperature Circuit High Input
P1120	Jaguar	Throttle position sensor out of range
P1121	Jaguar	Throttle Position (TP) Sensor Circuit Intermittent High Voltage
P1122	Jaguar	Throttle Position (TP) Sensor Circuit Intermittent Low Voltage
P1123	Jaguar	Throttle Position Sensor In Range But Higher Than Expected
P1124	Jaguar	Throttle Position Sensor Out Of Self Test Range
P1125	Jaguar	Throttle position sensor intermittent
P1126	Jaguar	Throttle Position (Narrow Range) Sensor Circuit Malfunction
P1127	Jaguar	Exhaust Not Warm, Downstream O2 Sensor
P1128	Jaguar	Upstream Heated O2 Sensors Swapped
P1129	Jaguar	Downstream Heated O2 Sensors Swapped
P1130	Jaguar	Lack Of HO2S Switch - Adaptive Fuel At Limit
P1131	Jaguar	Lack Of HO2S Switch - Sensor Indicates Lean
P1132	Jaguar	Lack Of HO2S Switch - Sensor Indicates Rich
P1133	Jaguar	HO2S Insufficient Switching Sensor 1
P1134	Jaguar	HO2S Transition Time Ratio Sensor 1
P1135	Jaguar	Pedal Position Sensor A Circuit Intermittent
P1136	Jaguar	Fan Control Circuit Malfunction
P1137	Jaguar	Lack Of HO2S Switch - Sensor Indicates Lean
P1138	Jaguar	Lack Of HO2S12 Switch - Sensor Indicates Rich
P1139	Jaguar	Water In Fuel Indicator Circuit Malfunction
P1140	Jaguar	Water In Fuel Condition
P1141	Jaguar	Fuel Restriction Indicator Circuit Malfunction
P1142	Jaguar	Fuel Restriction Condition
P1143	Jaguar	Air Assist Control Valve Range/Performance
P1144	Jaguar	Air Assist Control Valve Circuit Malfunction
P1150	Jaguar	Lack Of HO2S21 Switch - Adaptive Fuel At Limit
P1151	Jaguar	Lack Of HO2S21 Switch - Sensor Indicates Lean
P1152	Jaguar	Lack Of HO2S21 Switch - Sensor Indicates Rich
P1153	Jaguar	Bank 2 Fuel Control Shifted Lean
P1154	Jaguar	Bank 2 Fuel Control Shifted Rich
P1155	Jaguar	Alternative Fuel Controller
P1156	Jaguar	Fuel Select Switch Malfunction
P1157	Jaguar	Lack Of HO2S22 Switch - Sensor Indicates Lean
P1158	Jaguar	Lack Of HO2S22 Switch - Sensor Indicates Rich
P1159	Jaguar	Fuel Stepper Motor Malfunction
P1167	Jaguar	Invalid Test,throttle not depressed
P1168	Jaguar	Fuel Rail Sensor In-Range Low Failure
P1169	Jaguar	Fuel Rail Sensor In-Range High Failure
P1170	Jaguar	ESO - Engine Shut Off Solenoid Fault
P1171	Jaguar	Rotor Sensor Fault
P1172	Jaguar	Rotor Control Fault
P1173	Jaguar	Rotor Calibration Fault
P1174	Jaguar	Cam Sensor Fault
P1175	Jaguar	Cam Control Fault
P1176	Jaguar	Cam Calibration Fault
P1177	Jaguar	Synchronization Fault
;P1178	Jaguar	( open )
P1180	Jaguar	Fuel Delivery System Malfunction - Low
P1181	Jaguar	Fuel Delivery System Malfunction - High
P1182	Jaguar	Fuel Shut Off Solenoid Malfunction
P1183	Jaguar	Engine Oil Temperature Circuit Malfunction
P1184	Jaguar	Engine Oil Temperature Out Of Self Test Range
P1185	Jaguar	FTS High - Fuel Pump Temperature Sensor High
P1186	Jaguar	FTS Low - Fuel Pump Temperature Sensor Low
P1187	Jaguar	Variant Selection
P1188	Jaguar	Calibration Memory Fault
P1189	Jaguar	Pump Speed Signal Fault
P1190	Jaguar	Calibration Resistor Out Of Range
P1191	Jaguar	Key Line Voltage
P1192	Jaguar	Voltage External
P1193	Jaguar	EGR Drive Overcurrent
P1194	Jaguar	ECU A/D Converter
P1195	Jaguar	SCP HBCC Failed To Initialize
P1196	Jaguar	Key Off Voltage High
P1197	Jaguar	Key Off Voltage Low
P1198	Jaguar	Pump Rotor Control Underfueling
P1199	Jaguar	Fuel Level Input Circuit Low
P1200	Jaguar	Injector Control Circuit
P1201	Jaguar	Injector Circuit Open / Shorted - Cylinder #1
P1202	Jaguar	Injector Circuit Open / Shorted - Cylinder #2
P1203	Jaguar	Injector Circuit Open / Shorted - Cylinder #3
P1204	Jaguar	Injector Circuit Open / Shorted - Cylinder #4
P1205	Jaguar	Injector Circuit Open / Shorted - Cylinder #5
P1206	Jaguar	Injector Circuit Open / Shorted - Cylinder #6
P1209	Jaguar	Injector Control Pressure System Fault
P1210	Jaguar	Injector Control Pressure Above Expected Level
P1211	Jaguar	Injector Control Pressure Sensor Above / Below Desired
P1212	Jaguar	Injector Control Pressure Not Detected During Crank
P1213	Jaguar	Start Injector Circuit Malfunction
P1214	Jaguar	Pedal Position Sensor B Circuit Intermittent
P1215	Jaguar	Pedal Position Sensor C Circuit Low Input
P1216	Jaguar	Pedal Position Sensor C Circuit High Input
P1217	Jaguar	Pedal Position Sensor C Circuit Intermittent
P1218	Jaguar	CID High
P1219	Jaguar	CID Low
P1220	Jaguar	Series Throttle Control System Malfunction
P1221	Jaguar	Traction Control System Malfunction
P1222	Jaguar	Traction Control Output Circuit Malfunction
P1223	Jaguar	Pedal Demand Sensor B Circuit High Input
P1224	Jaguar	Throttle Position Sensor B Out Of Self Test Range
P1225	Jaguar	Needle Lift Sensor Malfunction
P1226	Jaguar	Control Sleeve Sensor Malfunction
P1227	Jaguar	Wastegate Failed Closed (Over Pressure)
P1228	Jaguar	Wastegate Failed Open (Under Pressure)
P1229	Jaguar	Intercooler Pump Driver Fault
P1230	Jaguar	Fuel Pump Low Speed Malfunction
P1231	Jaguar	Fuel Pump Secondary Circuit Low, High Speed
P1232	Jaguar	Fuel Pump Speed Primary Circuit Malfunction
P1233	Jaguar	Fuel Pump Driver Module Off Line
P1234	Jaguar	Fuel Pump Driver Module Off Line
P1235	Jaguar	Fuel Pump Control Out Of Range
P1236	Jaguar	Fuel Pump Control Out Of Range
P1237	Jaguar	Fuel Pump Secondary Circuit Malfunction
P1238	Jaguar	Fuel Pump Secondary Circuit Malfunction
P1239	Jaguar	Speed Fuel Pump Positive Feed Fault
P1240	Jaguar	Sensor Power Supply Malfunction
P1241	Jaguar	Sensor Power Supply Low Input
P1242	Jaguar	Sensor Power Supply High Input
P1243	Jaguar	Second Fuel Pump Faulty or Ground Fault
P1244	Jaguar	Alternator Load Input Failed High
P1245	Jaguar	Alternator Load Input Failed Low
P1246	Jaguar	Alternator Load Input Failed
P1247	Jaguar	Turbo Boost Pressure Low
P1248	Jaguar	Turbo Boost Pressure Not Detected
P1249	Jaguar	Wastegate Control Valve Performance
P1250	Jaguar	PRC Solenoid Circuit Malfunction
P1251	Jaguar	Air Mixture Solenoid Circuit Malfunction
P1252	Jaguar	Pedal Correlation PDS1 and LPDS High
P1253	Jaguar	Pedal Correlation PDS1 and LPDS Low
P1254	Jaguar	Pedal Correlation PDS2 and LPDS High
P1255	Jaguar	Pedal Correlation PDS2 and LPDS Low
P1256	Jaguar	Pedal Correlation PDS1 and HPDS
P1257	Jaguar	Pedal Correlation PDS2 and HPDS
P1258	Jaguar	Pedal Correlation PDS1 and PDS2
P1259	Jaguar	Immobilizer to PCM Signal Error
P1260	Jaguar	THEFT Detected, Vehicle Immobilzed
P1261	Jaguar	Cylinder #1 High To Low Side Short
P1262	Jaguar	Cylinder #2 High To Low Side Short
P1263	Jaguar	Cylinder #3 High To Low Side Short
P1264	Jaguar	Cylinder #4 High To Low Side Short
P1265	Jaguar	Cylinder #5 High To Low Side Short
P1266	Jaguar	Cylinder #6 High To Low Side Short
P1267	Jaguar	Cylinder #7 High To Low Side Short
P1268	Jaguar	Cylinder #8 High To Low Side Short
P1269	Jaguar	Immobilizer Code Not Programmed
P1270	Jaguar	Engine RPM Or Speed Limiter Reached
P1271	Jaguar	Cylinder #1 High To Low Side Open
P1272	Jaguar	Cylinder #2 High To Low Side Open
P1273	Jaguar	Cylinder #3 High To Low Side Open
P1274	Jaguar	Cylinder #4 High To Low Side Open
P1275	Jaguar	Cylinder #5 High To Low Side Open
P1276	Jaguar	Cylinder #6 High To Low Side Open
P1277	Jaguar	Cylinder #7 High To Low Side Open
P1278	Jaguar	Cylinder #8 High To Low Side Open
P1280	Jaguar	Injection Control Pressure Out Of Range Low
P1281	Jaguar	Injection Control Pressure Out Of Range High
P1282	Jaguar	Excessive Injection Control Pressure
P1283	Jaguar	IPR Circuit Failure
P1284	Jaguar	Aborted KOER - ICP Failure
P1285	Jaguar	Cylinder head over temp sensed
P1286	Jaguar	Fuel Pulse In Range But Lower Than Expected
P1287	Jaguar	Fuel Pulse In Range But Higher Than Expected
P1288	Jaguar	Cylinder Head Temp Sensor Out Of Self Test Range
P1289	Jaguar	Cylinder Head Temp Sensor High Input
P1290	Jaguar	Cylinder Head Temp Sensor Low Input
P1291	Jaguar	Injector High Side Short To GND Or VBATT - Bank 1
P1292	Jaguar	Injector High Side Short To GND Or VBATT - Bank 2
P1293	Jaguar	Injector High Side Open - Bank 1
P1294	Jaguar	Injector High Side Open - Bank 2/Target idle not reached
P1295	Jaguar	Multi-faults - Bank 1 - With Low Side Shorts
P1296	Jaguar	Multi-faults - Bank 2 - With Low Side Shorts
P1297	Jaguar	Injector High Sides Shorted Together
P1298	Jaguar	IDM Failure
P1299	Jaguar	Cylinder Head Overtemperature Protection Active
P1300	Jaguar	Boost Calibration Fault
P1301	Jaguar	Boost Calibration High
P1302	Jaguar	Boost Calibration Low
P1303	Jaguar	EGR Calibration Fault
P1304	Jaguar	EGR Calibration High
P1305	Jaguar	EGR Calibration Low
P1306	Jaguar	Kickdown Relay Pull - In Circuit Fault
P1307	Jaguar	Kickdown Relay Hold Circuit Fault
P1308	Jaguar	A/C Clutch Circuit Fault
P1309	Jaguar	Misfire Monitor AICE Chip Fault
P1313	Jaguar	Misfire Rate Catalyst Damage Fault - Bank 1
P1314	Jaguar	Misfire Rate Catalyst Damage Fault - Bank 2
P1315	Jaguar	Persistent Misfire
P1316	Jaguar	Injector Circuit / IDM Codes Detected
P1317	Jaguar	Injector Circuit / IDM Codes Not Updated
P1336	Jaguar	Crank / Cam Sensor Range / Performance
P1340	Jaguar	Camshaft Position Sensor B Circuit Malfunction
P1341	Jaguar	Camshaft Position Sensor B Range / Performance
P1345	Jaguar	SGC (Cam Position) Sensor Circuit Malfunction/ Crankshaft Position - Camshaft Position Correlation
P1346	Jaguar	Fuel Level Sensor B Circuit Malfunction
P1347	Jaguar	Fuel Level Sensor B Range / Performance
P1348	Jaguar	Fuel Level Sensor B Circuit Low
P1349	Jaguar	Fuel Level Sensor B Circuit High
P1350	Jaguar	Fuel Level Sensor B Intermittent/Bypass Line Monitor
P1351	Jaguar	IDM Input Circuit Malfunction/ Ignition Coil Control Circuit High Voltage
P1352	Jaguar	Ignition Coil A Primary Circuit Malfunction
P1353	Jaguar	Ignition Coil B Primary Circuit Malfunction
P1354	Jaguar	Ignition Coil C Primary Circuit Malfunction
P1355	Jaguar	Ignition Coil D Primary Circuit Malfunction
P1360	Jaguar	Ignition Coil A Secondary Circuit Malfunction
P1361	Jaguar	Ignition Control (IC) Circuit Low Voltage
P1362	Jaguar	Ignition Coil C Secondary Circuit Malfunction
P1363	Jaguar	Ignition Coil D Secondary Circuit Malfunction
P1364	Jaguar	Ignition Coil Primary Circuit Failure
P1365	Jaguar	Ignition Coil Secondary Circuit Failure
P1366	Jaguar	Ignition Spare
P1367	Jaguar	Ignition Spare
P1368	Jaguar	Ignition Spare
P1369	Jaguar	Engine Temperature Light Monitor Failure
P1370	Jaguar	Insufficient RMP Increase During Spark Test
P1371	Jaguar	Ignition Coil - Cylinder 1 - Early Activation Fault
P1372	Jaguar	Ignition Coil - Cylinder 2 - Early Activation Fault
P1373	Jaguar	Ignition Coil - Cylinder 3 - Early Activation Fault
P1374	Jaguar	Crankshaft Position (CKP)/Ignition Coil - Cylinder 4 - Early Activation Fault
P1375	Jaguar	Ignition Coil - Cylinder 5 - Early Activation Fault
P1376	Jaguar	Ignition Coil - Cylinder 6 - Early Activation Fault
P1380	Jaguar	Misfire Detected - Rough Road Data Not Available
P1381	Jaguar	Variable Cam Timing Overadvanced (Bank #1)/ Misfire Detected - No Communication with BCM
P1382	Jaguar	Variable Cam Timing Solenoid #1 Circuit Malfunction
P1383	Jaguar	Variable Cam Timing Overretarded (Bank #1)
P1384	Jaguar	VVT Solenoid A Malfunction
P1385	Jaguar	Variable Cam Timing Solenoid B Malfunction
P1386	Jaguar	Variable Cam Timing Overadvanced (Bank #2)
P1387	Jaguar	Variable Cam Timing Solenoid #2 Circuit Malfunction
P1388	Jaguar	Variable Cam Timing Overretarded (Bank #2)
P1389	Jaguar	Glow Plug Circuit High Side Low Input
P1390	Jaguar	Octane Adjust Pin Out Of Self Test Range
P1391	Jaguar	Glow Plug Circuit Low Input (Bank #1)
P1392	Jaguar	Glow Plug Circuit High Input (Bank #1)
P1393	Jaguar	Glow Plug Circuit Low Input (Bank #2)
P1394	Jaguar	Glow Plug Circuit High Input (Bank #2)
P1395	Jaguar	Glow Plug Monitor Fault (Bank #1)
P1396	Jaguar	Glow Plug Monitor Fault (Bank #2)
P1397	Jaguar	System Voltage Out Of Self Test Range
P1398	Jaguar	VVT Solenoid B Circuit High Input
P1399	Jaguar	Glow Plug Circuit High Side, High Input
P1400	Jaguar	DPFE Circuit Low Input
P1401	Jaguar	DPFE Circuit High Input
P1402	Jaguar	EGR Metering Orifice Restricted
P1403	Jaguar	DPFE Sensor Hoses Reversed
P1404	Jaguar	IAT - B Circuit Malfunction/ Exhaust Gas Recirculation Closed Position Performance
P1405	Jaguar	DPFE Sensor Upstream Hose Off Or Plugged
P1406	Jaguar	Exhaust Gas Recirculation (EGR) Position Sensor Performance
P1407	Jaguar	EGR No Flow Detected
P1408	Jaguar	EGR Flow Out Of Self Test Range
P1409	Jaguar	EVR Control Circuit Malfunction
P1411	Jaguar	SAI System Incorrect Downstream Flow Detected
P1413	Jaguar	SAI System Monitor Circuit Low Input
P1414	Jaguar	SAI System Monitor Circuit High Input
P1415	Jaguar	Air Pump Circuit Malfunction/ (AIR) System Bank 1
P1416	Jaguar	Port Air Circuit Malfunction/ (AIR) System Bank 2
P1417	Jaguar	Port Air Relief Circuit Malfunction
P1418	Jaguar	Split Air #1 Circuit Malfunction
P1419	Jaguar	Split Air #2 Circuit Malfunction
P1420	Jaguar	Catalyst Temperature Sensor Failure
P1421	Jaguar	Catalyst Damage
P1422	Jaguar	EGI Temperature Sensor Failure
P1423	Jaguar	EGI Functionality Test Failed
P1424	Jaguar	EGI Glow Plug Primary Failure
P1425	Jaguar	EGI Glow Plug Secondary Failure
P1426	Jaguar	EGI Mini - MAF Failed Out Of Range
P1427	Jaguar	EGI Mini - MAF Failed Short Circuit
P1428	Jaguar	EGI Mini - MAF Failed Open Circuit
P1429	Jaguar	Electric Air Pump Primary Failure
P1430	Jaguar	Electric Air Pump Secondary Failure
P1433	Jaguar	A/C Refrigerant Temperature Circuit Low
P1434	Jaguar	A/C Refrigerant Temperature Circuit High
P1435	Jaguar	A/C Refrigerant Temperature Circuit Range/Performance
P1436	Jaguar	A/C Evaporator Air Temperature Circuit Low
P1437	Jaguar	A/C Evaporator Air Temperature Circuit High
P1438	Jaguar	A/C Evaporator Air Temperature Circuit Range/Performance
P1439	Jaguar	Floor Temperature Switch Circuit Malfunction
P1440	Jaguar	Purge Valve Stuck Open
P1441	Jaguar	Evaporative Emission (EVAP) System Flow During Non-Purge Chevrolet Only
P1441	Jaguar	Evaporative Emission (EVAP) System Flow During Non-Purge Oldsmobile Only
P1442	Jaguar	Evaporative Emission Control System Leak Detected
P1443	Jaguar	Evaporative Emission Control System Control Valve
P1444	Jaguar	Purge Flow Sensor Circuit Low Input
P1445	Jaguar	Purge Flow Sensor Circuit High Input
P1446	Jaguar	Evaporative Vac Solenoid Circuit Malfunction
P1447	Jaguar	ELC System Closure Valve Flow Fault
P1448	Jaguar	ELC System 2 Fault
P1449	Jaguar	Evaporative Check Solenoid Circuit Malfunction
P1450	Jaguar	Unable To Bleed Up Fuel Tank Vacuum
P1451	Jaguar	Evap Emission Control Sys Vent Control Valve Circuit
P1452	Jaguar	Unable To Bleed - Up Vacuum in Tank
P1453	Jaguar	Fuel Tank Pressure Relief Valve Malfunction
P1454	Jaguar	Evaporative System Vacuum Test Malfunction
P1455	Jaguar	Evap Emission Control Sys Leak Detected (Gross Leak/No Flow)
P1456	Jaguar	Fuel Tank Temperature Sensor Circuit Malfunction
P1457	Jaguar	Unable To Pull Vacuum In Tank
P1460	Jaguar	Wide open throttle A/C cutoff relay circuit
P1461	Jaguar	A/C pressure sensor circuit voltage low
P1462	Jaguar	A/C pressure sensor circuit voltage high
P1463	Jaguar	A/C Pressure Sensor Insufficient Pressure Change
P1464	Jaguar	A/C Demand Out of Self Test Range
P1465	Jaguar	A/C Relay Circuit Malfunction
P1466	Jaguar	A/C Refrigerant Temperature Sensor/Circuit Malfunction
P1467	Jaguar	A/C Compressor Temperature Sensor Malfunction
P1468	Jaguar	SSPOD Open Circuit or Closed Circuit Fault
P1469	Jaguar	Low A/C Cycling Period
P1470	Jaguar	A/C Cycling Period Too Short
P1471	Jaguar	Electrodrive Fan 1 Operational Failure (Driver Side)
P1472	Jaguar	Electrodrive Fan 2 Operational Failure (Passenger Side)
P1473	Jaguar	Fan Secondary High With Fan(s) Off
P1474	Jaguar	Low Fan Control Primary Circuit Malfunction
P1475	Jaguar	Fan Relay (Low) Circuit Malfunction
P1476	Jaguar	Fan Relay (High) Circuit Malfunction
P1477	Jaguar	Additional Fan Relay Circuit Malfunction
P1478	Jaguar	Cooling Fan Driver Fault
P1479	Jaguar	High Fan Control Primary Circuit Malfunction
P1480	Jaguar	Fan Secondary Low with Low Fan On
P1481	Jaguar	Fan Secondary Low With High Fan On
P1482	Jaguar	SCP
P1483	Jaguar	Power To Fan Circuit Overcurrent
P1484	Jaguar	Open Power To Ground VCRM
P1485	Jaguar	EGRV Circuit Malfunction
P1486	Jaguar	EGRA Circuit Malfunction
P1487	Jaguar	EGRCHK Solenoid Circuit Malfunction
P1490	Jaguar	Secondary Air Relief Solenoid Circuit Malfunction
P1491	Jaguar	Secondary Switch Solenoid Circuit Malfunction
P1492	Jaguar	APLSOL Solenoid Circuit Malfunction
P1493	Jaguar	RCNT Solenoid Circuit Malfunction
P1494	Jaguar	SPCUT Solenoid Circuit Malfunction
P1495	Jaguar	TCSPL Solenoid Circuit Malfunction
P1500	Jaguar	Vehicle Speed Sensor Intermittent
P1501	Jaguar	Vehicle Speed Sensor Out Of Self Test Range
P1502	Jaguar	Vehicle Speed Sensor Intermittent Malfunction
P1503	Jaguar	Auxillary Speed Sensor Fault
P1504	Jaguar	Idle Air Control Circuit Malfunction
P1505	Jaguar	Idle Air Control System At Adaptive Clip
P1506	Jaguar	Idle Air Control Overspeed Error
P1507	Jaguar	Idle Air Control Underspeed Error
P1508	Jaguar	Idle Control System Circuit Open
P1509	Jaguar	Idle Control System Circuit Shorted
P1510	Jaguar	Idle Signal Circuit Malfunction
P1511	Jaguar	Idle Switch (Electric Control Throttle) Circuit Malfunction
P1512	Jaguar	Intake Manifold Runner Control (Bank 1) Stuck Closed
P1513	Jaguar	Intake Manifold Runner Control (Bank 2) Stuck Closed
P1514	Jaguar	High Load Neutral/Drive Fault
P1515	Jaguar	Electric Current Circuit Malfunction
P1516	Jaguar	IMRC Input Error (Bank 1)
P1517	Jaguar	IMRC Input Error (Bank 2)
P1518	Jaguar	Intake Manifold Runner Control (Stuck Open)
P1519	Jaguar	Intake Manifold Runner Control (Stuck Closed)
P1520	Jaguar	Intake Manifold Runner Control Circuit Malfunction
P1521	Jaguar	Variable Intake Solenoid #1 Circuit Malfunction
P1522	Jaguar	Variable Intake Solenoid #2 Circuit Malfunction
P1523	Jaguar	IVC Solenoid Circuit Malfunction
P1524	Jaguar	Variable Intake Solenoid System
P1525	Jaguar	Air Bypass Valve System
P1526	Jaguar	Air Bypass System
P1527	Jaguar	Accelerate Warmup Solenoid Circuit Malfunction
P1528	Jaguar	Subsidiary Throttle Valve Solenoid Circuit Malfunction
P1529	Jaguar	SCAIR Solenoid Circuit Malfunction
P1530	Jaguar	A/C Clutch Circuit Malfunction
P1531	Jaguar	Invalid Test - Accelerator Pedal Movement
P1532	Jaguar	IMCC Circuit Malfunction, Bank B
P1533	Jaguar	AAI Circuit Malfunction
P1534	Jaguar	Inertia Switch Activated
P1535	Jaguar	Blower Fan Speed Circuit Range/Performance
P1536	Jaguar	Parking Brake Switch Circuit Failure
P1537	Jaguar	Intake Manifold Runner Control (Bank 1) Stuck Open
P1538	Jaguar	Intake Manifold Runner Control (Bank 2) Stuck Open
P1539	Jaguar	Power To A/C Clutch Circuit Overcurrent
P1540	Jaguar	Air Bypass Valve Circuit Malfunction
P1549	Jaguar	IMCC Circuit Malfunction, Bank B
P1550	Jaguar	PSPS Out Of Self Test Range
P1565	Jaguar	Speed Control Command Switch Out of Range High
P1566	Jaguar	Speed Control Command Switch Out of Range Low
P1567	Jaguar	Speed Control Output Circuit Continuity
P1568	Jaguar	Speed Control Unable to Hold Speed
P1571	Jaguar	Brake Switch Malfunction
P1572	Jaguar	Brake Pedal Switch Circuit Malfunction
P1573	Jaguar	Throttle Position Not Available
P1574	Jaguar	Throttle Position Sensor Disagreement btwn Sensors
P1575	Jaguar	Pedal Position Out of Self Test Range
P1576	Jaguar	Pedal Position Not Available
P1577	Jaguar	Pedal Position Sensor Disagreement btwn Sensors
P1578	Jaguar	ETC Power Less Than Demand
P1579	Jaguar	ETC In Power Limiting Mode
P1580	Jaguar	Electronic Throttle Monitor PCM Override
P1581	Jaguar	Electronic Throttle Monitor Malfunction
P1582	Jaguar	Electronic Throttle Monitor Data Available
P1583	Jaguar	Electronic Throttle Monitor Cruise Disable
P1584	Jaguar	TCU Detected IPE Circuit Malfunction
P1585	Jaguar	Throttle Control Unit Malfunction
P1586	Jaguar	Throttle Control Unit Throttle Position Malfunction
P1587	Jaguar	Throttle Control Unit Modulated Command Malfunction
P1588	Jaguar	Throttle Control Unit Detected Loss of Return Spring
P1589	Jaguar	TCU Unable To Control Desired Throttle Angle
P1600	Jaguar	Loss of KAM Power; Open Circuit
P1601	Jaguar	ECM/TCM Serial Communication Error
P1602	Jaguar	Immobilizer/ECM Communication Error
P1603	Jaguar	EEPROM Malfunction
P1604	Jaguar	Code Word Unregestered
P1605	Jaguar	Keep Alive Memory Test Failure
P1606	Jaguar	ECM Control Relay O/P Circuit Malfunction
P1607	Jaguar	MIL O/P Circuit Malfunction
P1608	Jaguar	Internal ECM Malfunction
P1609	Jaguar	Diagnostic Lamp Driver Fault
P1610	Jaguar	SBDS Interactive Codes
P1611	Jaguar	SBDS Interactive Codes
P1612	Jaguar	SBDS Interactive Codes
P1613	Jaguar	SBDS Interactive Codes
P1614	Jaguar	SBDS Interactive Codes
P1615	Jaguar	SBDS Interactive Codes
P1616	Jaguar	SBDS Interactive Codes
P1617	Jaguar	SBDS Interactive Codes
P1618	Jaguar	SBDS Interactive Codes
P1619	Jaguar	SBDS Interactive Codes
P1620	Jaguar	SBDS Interactive Codes
P1621	Jaguar	Control Module Long Term Memory Performance/ Immobilizer Code Words Do Not Match
P1622	Jaguar	Immobilizer ID Does Not Match
P1623	Jaguar	Immobilizer Code Word/ID Number Write Failure
P1624	Jaguar	Anti Theft System
P1625	Jaguar	B+ Supply To VCRM Fan Circuit Malfunction
P1626	Jaguar	Theft Deterrent Fuel Enable Signal Not Received/ B+ Supply To VCRM A/C Circuit Malfunction
P1627	Jaguar	Module Supply Voltage Out Of Range
P1628	Jaguar	Module Ignition Supply Input Malfunction
P1629	Jaguar	Internal Voltage Regulator Malfunction
P1630	Jaguar	Internal Vref Malfunction
P1631	Jaguar	Theft Deterrent Start Enable Signal Not Correct/ Main Relay Malfunction (Power Hold)
P1632	Jaguar	Smart Alternator Faults Sensor/Circuit Malfunction
P1633	Jaguar	KAM Voltage Too Low
P1634	Jaguar	Data Output Link Circuit Failure
P1635	Jaguar	Tire / Axle Ratio Out of Acceptable Range
P1636	Jaguar	Inductive Signature Chip Communication Error
P1637	Jaguar	Can Link ECM/ABSCM Circuit / Network Malfunction
P1638	Jaguar	Can Link ECM/INSTM Circuit / Network Malfunction
P1639	Jaguar	Vehicle ID Block Corrupted or Not Programmed
P1640	Jaguar	Powertrain DTCs Available in Another Module
P1641	Jaguar	Fuel Pump Primary Circuit Failure
P1642	Jaguar	Fuel Pump Monitor Circuit High Input
P1643	Jaguar	Fuel Pump Monitor Circuit Low Input
P1644	Jaguar	Fuel Pump Speed Control Circuit Malfunction
P1645	Jaguar	Fuel Pump Resistor Switch Circuit Malfunction
P1650	Jaguar	PSP Switch Out of Self Test Range
P1651	Jaguar	PSP Switch Input Malfunction
P1652	Jaguar	IAC Monitor Disabled by PSP Switch Failed On
P1653	Jaguar	Power Steering Output Circuit Malfunction
P1654	Jaguar	Recirculation Override Circuit Malfunction
P1655	Jaguar	Starter Disable Circuit Malfunction
P1660	Jaguar	Output Circuit Check Signal High
P1661	Jaguar	Output Circuit Check Signal Low
P1662	Jaguar	IDM_EN Circuit Failure
P1663	Jaguar	Fuel Demand Command Signal Circuit Malfunction
P1667	Jaguar	CI Circuit Malfunction
P1668	Jaguar	PCM - IDM Communications Error
P1670	Jaguar	Electronic Feedback Signal Not Detected
P1680	Jaguar	Metering Oil Pump Malfunction
P1681	Jaguar	Metering Oil Pump Malfunction
P1682	Jaguar	Metering Oil Pump Malfunction
P1683	Jaguar	Metering Oil Pump Temperature Sensor Circuit Malfunction
P1684	Jaguar	Metering Oil Pump Position Sensor Circuit Malfunction
P1685	Jaguar	Metering Oil Pump Stepping Motor Circuit Malfunction
P1686	Jaguar	Metering Oil Pump Stepping Motor Circuit Malfunction
P1687	Jaguar	Metering Oil Pump Stepping Motor Circuit Malfunction
P1688	Jaguar	Metering Oil Pump Stepping Motor Circuit Malfunction
P1689	Jaguar	Oil Pressure Control Solenoid Circuit Malfunction
P1690	Jaguar	Wastegate Solenoid Circuit Malfunction
P1691	Jaguar	Turbo Pressure Control Solenoid Circuit Malfunction
P1692	Jaguar	Turbo Control Solenoid Circuit Malfunction
P1693	Jaguar	Turbo Charge Control Circuit Malfunction
P1694	Jaguar	Turbo Charge Relief Circuit Malfunction
P1700	Jaguar	Transmission Indeterminate Failure (Failed to Neutral)
P1701	Jaguar	Reverse Engagement Error
P1702	Jaguar	TRS Circuit Intermittent Malfunction
P1703	Jaguar	Brake Switch Out Of Self Test Range
P1704	Jaguar	Digital TRS Failed to Transition States in KOEO / KOER
P1705	Jaguar	Not in P or N During KOEO / KOER
P1706	Jaguar	High Vehicle Speed Observed in Park
P1707	Jaguar	Transfer Case Neutral Indicator Hard Fault Present
P1708	Jaguar	Clutch Switch Circuit Malfunction
P1709	Jaguar	PNP Switch Out Of Self Test Range
P1711	Jaguar	TFT Sensor Out Of Self Test Range
P1712	Jaguar	Trans Torque Reduction Request Signal Malfunction
P1713	Jaguar	TFT Sensor In Range Failure Low Value
P1714	Jaguar	SSA Inductive Signature Malfunction
P1715	Jaguar	SSB Inductive Signature Malfunction
P1716	Jaguar	SSC Inductive Signature Malfunction
P1717	Jaguar	SSD Inductive Signature Malfunction
P1718	Jaguar	TFT Sensor In Range Failure High
P1720	Jaguar	Vehicle Speed (Meter) Circuit Malfunction
P1721	Jaguar	Gear 1 Incorrect Ratio
P1722	Jaguar	Gear 2 Incorrect Ratio
P1723	Jaguar	Gear 3 incorrect Ratio
P1724	Jaguar	Gear 4 Incorrect Ratio
P1725	Jaguar	Insufficient Engine Speed Increase During Self Test
P1726	Jaguar	Insufficient Engine Speed Decrease During Self Test
P1727	Jaguar	Coast Clutch Solenoid Inductive Signature Malfunction
P1728	Jaguar	Transmission Slip Error
P1729	Jaguar	4x4 Low Switch Error
P1730	Jaguar	Gear Control Malfunction 2,3,5
P1731	Jaguar	1-2 Shift Malfunction
P1732	Jaguar	2-3 Shift Malfunction
P1733	Jaguar	3-4 Shift Malfunction
P1734	Jaguar	Gear Control Malfunction
P1735	Jaguar	First Gear Switch Circuit Malfunction
P1736	Jaguar	Second Gear Switch Circuit Malfunction
P1737	Jaguar	Lockup Solenoid System
P1738	Jaguar	Shift Time Error
P1739	Jaguar	Slip Solenoid System
P1740	Jaguar	Torque Converter Clutch Inductive Signature Malfunction
P1741	Jaguar	Torque Converter Clutch Control Error
P1742	Jaguar	Torque Converter Clutch Solenoid Failed On
P1743	Jaguar	Torque Converter Clutch Solenoid Failied On
P1744	Jaguar	Torque Converter Clutch System Performance
P1745	Jaguar	Line Pressure Solenoid System
P1746	Jaguar	Pressure Control Solenoid "A" Open Circuit
P1747	Jaguar	Pressure Control Solenoid "A" Short Circuit
P1748	Jaguar	EPC Malfunction
P1749	Jaguar	Pressure Control Solenoid Failed Low
P1751	Jaguar	Shift Solenoid A Performance
P1754	Jaguar	Coast Clutch Solenoid Circuit Malfunction
P1755	Jaguar	Intermediate Speed Sensor (ISS) Malfunction
P1756	Jaguar	Shift Solenoid B Performance
P1760	Jaguar	Pressure Control Solenoid "A" Short Circuit
P1761	Jaguar	Shift Solenoid C Performance
P1762	Jaguar	Overdrive Band Failed Off
P1765	Jaguar	Timing Solenoid Circuit Malfunction
P1767	Jaguar	Torque Converter Clutch Circuit Malfunction
P1768	Jaguar	Performance / Normal / Winter Mode Input Malfunction
P1769	Jaguar	AG4 Transmission Torque Modulation Fault
P1770	Jaguar	Clutch Solenoid Circuit Malfunction
P1775	Jaguar	Transmission System MIL Fault
P1776	Jaguar	Ignition Retard Request Duration Fault
P1777	Jaguar	Ignition Retard Request Circuit Fault
P1778	Jaguar	Transmission Reverse I/P Circuit Malfunction
P1779	Jaguar	TCIL Circuit Malfunction
P1780	Jaguar	Trans Control Switch (O/D Cancel) Out of Self Test Range
P1781	Jaguar	4X4 Switch Out of Self Test Range
P1782	Jaguar	P/ES Circuit Out Of Self Test Range
P1783	Jaguar	Transmission Overtemperature Condition
P1784	Jaguar	Transmission Mechanical Failure - First And Reverse
P1785	Jaguar	Transmission Mechanical Failure - First And Second
P1786	Jaguar	3-2 Downshift Error
P1787	Jaguar	2-1 Downshift Error
P1788	Jaguar	Pressure Control Solenoid "B" Open Circuit
P1789	Jaguar	Pressure Control Solenoid "B" Short Circuit
P1790	Jaguar	TP (Mechanical) Circuit Malfunction
P1791	Jaguar	TP (Electric) Circuit Malfunction
P1792	Jaguar	Barometer Pressure Circuit Malfunction
P1793	Jaguar	Intake Air Volume Circuit Malfunction
P1794	Jaguar	Battery Voltage Circuit Malfunction
P1795	Jaguar	Idle Switch Circuit Malfunction
P1796	Jaguar	Kick Down Switch Circuit Malfunction
P1797	Jaguar	Neutral Switch Circuit Malfunction
P1798	Jaguar	Coolant Temperature Circuit Malfunction
P1799	Jaguar	Hold Switch Circuit Malfunction
P1800	Jaguar	Transmission Clutch Interlock Safety Switch Circuit Failure
P1801	Jaguar	Transmission Clutch Interlock Safety Switch Open Circuit
P1802	Jaguar	Transmission Clutch Interlock Safety Switch Short Circuit To Battery
P1803	Jaguar	Transmission Clutch Interlock Safety Switch Short Circuit To Ground
P1804	Jaguar	Transmission 4-Wheel Drive High Indicator Circuit Failure
P1805	Jaguar	Transmission 4-Wheel Drive High Indicator Open Circuit
P1806	Jaguar	Transmission 4-Wheel Drive High Indicator Short Circuit To Battery
P1807	Jaguar	Transmission 4-Wheel Drive High Indicator Short Circuit To Ground
P1808	Jaguar	Transmission 4-Wheel Drive Low Indicator Circuit Failure
P1809	Jaguar	Transmission 4-Wheel Drive Low Indicator Open Circuit
P1810	Jaguar	TFP Valve Position Switch Circuit/ Transmission 4-Wheel Drive Low Indicator Short Circuit To Battery
P1811	Jaguar	Transmission 4-Wheel Drive Low Indicator Short Circuit To Ground
P1812	Jaguar	Transmission 4-Wheel Drive Mode Select Circuit Failure
P1813	Jaguar	Transmission 4-Wheel Drive Mode Select Open Circuit
P1814	Jaguar	Transmission 4-Wheel Drive Mode Select Short Circuit To Battery
P1815	Jaguar	Transmission 4-Wheel Drive Mode Select Short Circuit To Ground
P1816	Jaguar	Transmission Neutral Safety Switch Circuit Failure
P1817	Jaguar	Transmission Neutral Safety Switch Open Circuit
P1818	Jaguar	Transmission Neutral Safety Switch Short Circuit To Battery
P1819	Jaguar	Transmission Neutral Safety Switch Short Circuit To Ground
P1820	Jaguar	Transmission Transfer Case Clockwise Shift Relay Coil Circuit Failure
P1821	Jaguar	Transmission Transfer Case Clockwise Shift Relay Coil Open Circuit
P1822	Jaguar	Transmission Transfer Case Clockwise Shift Relay Coil Short Circuit To Battery
P1823	Jaguar	Transmission Transfer Case Clockwise Shift Relay Coil Short Circuit To Ground
P1824	Jaguar	Transmission 4-Wheel Drive Clutch Relay Circuit Failure
P1825	Jaguar	Transmission 4-Wheel Drive Clutch Relay Open Circuit
P1826	Jaguar	Transmission 4-Wheel Drive Low Clutch Relay Circuit To Battery
P1827	Jaguar	Transmission 4-Wheel Drive Low Clutch Relay Circuit To Ground
P1828	Jaguar	Transmission Transfer Case Counter Clockwise Shift Relay Coil Circuit Failure
P1829	Jaguar	Transmission Transfer Case Counter Clockwise Shift Relay Coil Open Circuit
P1830	Jaguar	Transmission Transfer Case Counter Clockwise Shift Relay Coil Short Circuit To Battery
P1831	Jaguar	Transmission Transfer Case Counter Clockwise Shift Relay Coil Short Circuit To Ground
P1832	Jaguar	Transmission Transfer Case Differential Lock-Up Solenoid Circuit Failure
P1833	Jaguar	Transmission Transfer Case Differential Lock-Up Solenoid Open Circuit
P1834	Jaguar	Transmission Transfer Case Differential Lock-Up Solenoid Short Circuit To Battery
P1835	Jaguar	Transmission Transfer Case Differential Lock-Up Solenoid Short Circuit To Ground
P1836	Jaguar	Transmission Transfer Case Front Shaft Speed Sensor Circuit Failure
P1837	Jaguar	Transmission Transfer Case Rear Shaft Speed Sensor Circuit Failure
P1838	Jaguar	Transmission Transfer Case Shift Motor Circuit Failure
P1839	Jaguar	Transmission Transfer Case Shift Motor Open Circuit
P1840	Jaguar	Transmission Transfer Case Shift Motor Short Circuit To Battery
P1841	Jaguar	Transmission Transfer Case Shift Motor Short Circuit To Ground
P1842	Jaguar	Transmission Transfer Case Differential Lock-Up Feedback Switch Circuit Failure
P1843	Jaguar	Transmission Transfer Case Differential Lock-Up Feedback Switch Open Circuit
P1844	Jaguar	Transmission Transfer Case Differential Lock-Up Feedback Switch Short Circuit To Battery
P1845	Jaguar	Transmission Transfer Case Differential Lock-Up Feedback Switch Short Circuit To Ground
P1846	Jaguar	Transmission Transfer Case Contact Plate 'A' Circuit Failure
P1847	Jaguar	Transmission Transfer Case Contact Plate 'A' Open Circuit
P1848	Jaguar	Transmission Transfer Case Contact Plate 'A' Short Circuit To Battery
P1849	Jaguar	Transmission Transfer Case Contact Plate 'A' Short Circuit To Ground
P1850	Jaguar	Transmission Transfer Case Contact Plate 'B' Circuit Failure
P1851	Jaguar	Transmission Transfer Case Contact Plate 'B' Open Circuit
P1852	Jaguar	Transmission Transfer Case Contact Plate 'B' Short Circuit To Battery
P1853	Jaguar	Transmission Transfer Case Contact Plate 'B' Short Circuit To Ground
P1854	Jaguar	Transmission Transfer Case Contact Plate 'C' Circuit Failure
P1855	Jaguar	Transmission Transfer Case Contact Plate 'C' Open Circuit
P1856	Jaguar	Transmission Transfer Case Contact Plate 'C' Short Circuit To Battery
P1857	Jaguar	Transmission Transfer Case Contact Plate 'C' Short Circuit To Ground
P1858	Jaguar	Transmission Transfer Case Contact Plate 'D' Circuit Failure
P1859	Jaguar	Transmission Transfer Case Contact Plate 'D' Open Circuit
P1860	Jaguar	TCC PWM Solenoid Circuit Electrical/ Transmission Transfer Case Contact Plate 'D' Short Circuit To Battery
P1861	Jaguar	Transmission Transfer Case Contact Plate 'D' Short Circuit To Ground
P1862	Jaguar	Transmission Transfer Case Contact Plate Power Circuit Failure
P1863	Jaguar	Transmission Transfer Case Contact Plate Power Open Circuit
P1864	Jaguar	Transmission Transfer Case Contact Plate Power Short To Battery
P1865	Jaguar	Transmission Transfer Case Contact Plate Power Short To Ground
P1866	Jaguar	Transmission Transfer Case System Concern - Servicing Required
P1867	Jaguar	Transmission Transfer Case Contact Plate General Circuit Failure
P1868	Jaguar	Transmission Automatic 4-Wheel Drive Indicator (Lamp) Circuit Failure
P1869	Jaguar	Transmission Automatic 4-Wheel Drive Indicator (Lamp) Circuit Short To Battery
P1870	Jaguar	Transmission Component Slipping/ Transmission Mechanical Transfer Case 4x4 Switch Circuit Failure
P1871	Jaguar	Transmission Mechanical Transfer Case 4x4 Switch Circuit Short To Battery
P1872	Jaguar	Transmission Mechanical 4-Wheel Drive Axle Lock Lamp Circuit Failure
P1873	Jaguar	Transmission Mechanical 4-Wheel Drive Axle Lock Lamp Circuit Short To Battery
P1874	Jaguar	Transmission Automatic Hall Effect Sensor Power Circuit Failure
P1875	Jaguar	Transmission Automatic Hall Effect Sensor Power Circuit Short To Battery / 4WD Low Switch Circuit Electrical
P1876	Jaguar	Transmission Transfer Case 2-Wheel Drive Solenoid Circuit Failure
P1877	Jaguar	Transmission Transfer Case 2-Wheel Drive Solenoid Circuit Short To Battery
P1878	Jaguar	Transmission Transfer Case Disengaged Solenoid Circuit Failure
P1879	Jaguar	Transmission Transfer Case Disengaged Solenoid Open Circuit
P1880	Jaguar	Transmission Transfer Case Disengaged Solenoid Short to Battery
P1881	Jaguar	Engine Coolant Level Switch Circuit Failure, GEM
P1882	Jaguar	Engine Coolant Level Switch Circuit Short to Ground
P1883	Jaguar	Engine Coolant Level Switch Circuit Failure, GEM
P1884	Jaguar	Engine Coolant Level Lamp Circuit Short to Ground
P1885	Jaguar	Transmission Transfer Case Disengaged Solenoid Short to Ground
P1886	Jaguar	4X4 Initialization Failure
P1890	Jaguar	Transmission 4WD Mode Select Return Input Circuit Failure
P1891	Jaguar	Transmission Transfer Case Contact Plate Ground Return Open Circuit
P1900	Jaguar	OSS Circuit Intermittent Malfunction
P1901	Jaguar	TSS Circuit Intermittent Malfunction
P1902	Jaguar	Pressure Control Solenoid "B" Intermittent Short
P1903	Jaguar	Pressure Control Solenoid "C" Short Circuit
P1904	Jaguar	Pressure Control Solenoid "C" Open Circuit
P1905	Jaguar	Pressure Control Solenoid "C" Intermittent Short
P1906	Jaguar	Kickdown Pull Relay Open or Short Circuit to Ground
P1907	Jaguar	Kickdown Hold Relay Open or Short Circuit to Ground
P1908	Jaguar	Transmission Pressure Circuit Solenoid Open or Short to Ground
P1909	Jaguar	Trans Temp Sensor Circuit Open or Shorted to Pwr or Gnd
P1910	Jaguar	VFS A Pressure Output Failed Low
P1911	Jaguar	VFS B Pressure Output Failed Low
P1912	Jaguar	VFS C Pressure Output Failed Low
P1913	Jaguar	Pressure Switch A Circuit Malfunction
P1914	Jaguar	Manually Shifted Automatic (MSA) Sw Circuit Malf
P1915	Jaguar	Reverse Switch Circuit Malfunction
P1916	Jaguar	High Clutch Drum Speed Sensor Malfunction
P1917	Jaguar	High Clutch Drum Speed Sensor Intermittent
P1918	Jaguar	Transmission Range Display Circuit Malfunction
