P1101	Audi	O2 Sensor Circ.,Bank1-Sensor1Voltage too Low/Air Leak
P1102	Audi	O2 Sensor Heating Circ.,Bank1-Sensor1 Short to B+
P1103	Audi	O2 Sensor Heating Circ.,Bank1-Sensor1 Output too Low
P1104	Audi	Bank1-Sensor2 Voltage too Low/Air Leak
P1105	Audi	O2 Sensor Heating Circ.,Bank1-Sensor2 Short to B+
P1106	Audi	O2 Sensor Circ.,Bank2-Sensor1 Voltage too Low/Air Leak
P1107	Audi	O2 Sensor Heating Circ.,Bank2-Sensor1 Short to B+
P1108	Audi	O2 Sensor Heating Circ.,Bank2-Sensor1 Output too Low
P1109	Audi	O2 Sensor Circ.,Bank2-Sensor2 Voltage too Low/Air Leak
P1110	Audi	O2 Sensor Heating Circ.,Bank2-Sensor2 Short to B+
P1111	Audi	O2 Control (Bank 1) System too lean
P1112	Audi	O2 Control (Bank 1) System too rich
P1113	Audi	Bank1-Sensor1 Internal Resistance too High
P1114	Audi	Bank1-Sensor2 Internal Resistant too High
P1115	Audi	O2 Sensor Heater Circ.,Bank1-Sensor1 Short to Ground
P1116	Audi	O2 Sensor Heater Circ.,Bank1-Sensor1 Open
P1117	Audi	O2 Sensor Heater Circ.,Bank1-Sensor2 Short to Ground
P1118	Audi	O2 Sensor Heater Circ.,Bank1-Sensor2 Open
P1119	Audi	O2 Sensor Heater Circ.,Bank2-Sensor1 Short to Ground
P1120	Audi	O2 Sensor Heater Circ.,Bank2-Sensor1 Open
P1121	Audi	O2 Sensor Heater Circ.,Bank2-Sensor2 Short to Ground
P1122	Audi	O2 Sensor Heater Circ.,Bank2-Sensor2 Open
P1123	Audi	Long Term Fuel Trim Add.Air.,Bank1 System too Rich
P1124	Audi	Long Term Fuel Trim Add.Air.,Bank1 System too Lean
P1125	Audi	Long Term Fuel Trim Add.Air.,Bank2 System too Rich
P1126	Audi	Long Term Fuel Trim Add.Air.,Bank2 System too Lean
P1127	Audi	Long Term Fuel Trim mult.,Bank1 System too Rich
P1128	Audi	Long Term Fuel Trim mult.,Bank1 System too Lean
P1129	Audi	Long Term Fuel Trim mult.,Bank2 System too Rich
P1130	Audi	Long Term Fuel Trim mult.,Bank2 System too Lean
P1131	Audi	Bank2-Sensor1 Internal Rsistance too High
P1132	Audi	O2 Sensor Heating Circ.,Bank1+2-Sensor1 Short to B+
P1133	Audi	O2 Sensor Heating Circ.,Bank1+2-Sensor1 Electrical Malfunction
P1134	Audi	O2 Sensor Heating Circ.,Bank1+2-Sensor2 Short to B+
P1135	Audi	O2 Sensor Heating Circ.,Bank1+2-Sensor2 Electrical Malfunction
P1136	Audi	Long Term Fuel Trim Add.Fuel,Bank1 System too Lean
P1137	Audi	Long Term Fuel Trim Add.Fuel,Bank1 System too Rich
P1138	Audi	Long Term Fuel Trim Add.Fuel,Bank2 System too Lean
P1139	Audi	Long Term Fuel Trim Add.Fuel,Bank2 System too Rich
P1140	Audi	Bank2-Sensor2 Internal Resistance too High
P1141	Audi	Load Calculation Cross Check Range/Performance
P1142	Audi	Load Calculation Cross Check Lower Limit Exceeded
P1143	Audi	Load Calculation Cross Check Upper Limit Exceeded
P1144	Audi	Mass or Volume Air Flow Circ Open/Short to Ground
P1145	Audi	Mass or Volume Air Flow Circ Short to B+
P1146	Audi	Mass or Volume Air Flow Circ Supply Malfunction
P1147	Audi	O2 Control (Bank 2) System too lean
P1148	Audi	O2 Control (Bank 2) System too rich
P1149	Audi	O2 Control (Bank 1) Out of range
P1150	Audi	O2 Control (Bank 2) Out of range
P1151	Audi	Bank1, Long Term Fuel Trim, Range 1 Leanness Lower Limit Exceeded
P1152	Audi	Bank1, Long Term Fuel Trim, Range 2 Leanness Lower Limit Exceeded
P1154	Audi	Manifold Switch Over Malfunction
P1155	Audi	Manifold Abs.Pressure Sensor Circ. Short to B+
P1156	Audi	Manifold Abs.Pressure Sensor Circ. Open/Short to Ground
P1157	Audi	Manifold Abs.Pressure Sensor Circ. Power Supply Malfunction
P1158	Audi	Manifold Abs.Pressure Sensor Circ. Range/Performance
P1160	Audi	Manifold Temp.Sensor Circ. Short to Ground
P1161	Audi	Manifold Temp.Sensor Circ. Open/Short to B+
P1162	Audi	Fuel Temp.Sensor Circ. Short to Ground
P1163	Audi	Fuel Temp.Sensor Circ. Open/Short to B+
P1164	Audi	Fuel Temperature Sensor Range/Performance/Incorrect Signal
P1165	Audi	Bank1, Long Term Fuel Trim, Range 1 Rich Limit Exceeded
P1166	Audi	Bank1, Long Term Fuel Trim, Range 2 Rich Limit Exceeded
P1171	Audi	Throttle Actuation Potentiometer Sign.2 Range/Performance
P1172	Audi	Throttle Actuation Potentiometer Sign.2 Signal too Low
P1173	Audi	Throttle Actuation Potentiometer Sign.2 Signal too High
P1174	Audi	Fuel Trim, Bank 1 Different injection times
P1176	Audi	O2 Correction Behind Catalyst,B1 Limit Attained
P1177	Audi	O2 Correction Behind Catalyst,B2 Limit Attained
P1178	Audi	Linear 02 Sensor / Pump Current Open Circuit
P1179	Audi	Linear 02 Sensor / Pump Current Short to ground
P1180	Audi	Linear 02 Sensor / Pump Current Short to B+
P1181	Audi	Linear 02 Sensor / Reference Voltage Open Circuit
P1182	Audi	Linear 02 Sensor / Reference Voltage Short to ground
P1183	Audi	Linear 02 Sensor / Reference Voltage Short to B+
P1184	Audi	Linear 02 Sensor / Common Ground Wire Open Circuit
P1185	Audi	Linear 02 Sensor / Common Ground Wire Short to ground
P1186	Audi	Linear 02 Sensor / Common Ground Wire Short to B+
P1187	Audi	Linear 02 Sensor / Compens. Resistor Open Circuit
P1188	Audi	Linear 02 Sensor / Compens. Resistor Short to ground
P1189	Audi	Linear 02 Sensor / Compens. Resistor Short to B+
P1190	Audi	Linear 02 Sensor / Reference Voltage Incorrect Signal
P1196	Audi	O2 Sensor Heater Circ.,Bank1-Sensor1 Electrical Malfunction
P1197	Audi	O2 Sensor Heater Circ.,Bank2-Sensor1 Electrical Malfunction
P1198	Audi	O2 Sensor Heater Circ.,Bank1-Sensor2 Electrical Malfunction
P1199	Audi	O2 Sensor Heater Circ.,Bank2-Sensor2 Electrical Malfunction
P1201	Audi	Cyl.1-Fuel Inj.Circ. Electrical Malfunction
P1202	Audi	Cyl.2-Fuel Inj.Circ. Electrical Malfunction
P1203	Audi	Cyl.3-Fuel Inj.Circ. Electrical Malfunction
P1204	Audi	Cyl.4-Fuel Inj.Circ. Electrical Malfunction
P1205	Audi	Cyl.5-Fuel Inj.Circ. Electrical Malfunction
P1206	Audi	Cyl.6-Fuel Inj.Circ. Electrical Malfunction
P1207	Audi	Cyl.7-Fuel Inj.Circ. Electrical Malfunction
P1208	Audi	Cyl.8-Fuel Inj.Circ. Electrical Malfunction
P1209	Audi	Intake valves for cylinder shut-off Short circuit to ground
P1210	Audi	Intake valves for cylinder shut-off Short to B+
P1211	Audi	Intake valves for cylinder shut-off Open circuit
P1213	Audi	Cyl.1-Fuel Inj.Circ. Short to B+
P1214	Audi	Cyl.2-Fuel Inj.Circ. Short to B+
P1215	Audi	Cyl.3-Fuel Inj.Circ. Short to B+
P1216	Audi	Cyl.4-Fuel Inj.Circ. Short to B+
P1217	Audi	Cyl.5-Fuel Inj.Circ. Short to B+
P1218	Audi	Cyl.6-Fuel Inj.Circ. Short to B+
P1219	Audi	Cyl.7-Fuel Inj.Circ. Short to B+
P1220	Audi	Cyl.8-Fuel Inj.Circ. Short to B+
P1221	Audi	Cylinder shut-off exhaust valves Short circuit to ground
P1222	Audi	Cylinder shut-off exhaust valves Short to B+
P1223	Audi	Cylinder shut-off exhaust valves Open circuit
P1225	Audi	Cyl.1-Fuel Inj.Circ. Short to Ground
P1226	Audi	Cyl.2-Fuel Inj.Circ. Short to Ground
P1227	Audi	Cyl.3-Fuel Inj.Circ. Short to Ground
P1228	Audi	Cyl.4-Fuel Inj.Circ. Short to Ground
P1229	Audi	Cyl.5-Fuel Inj.Circ. Short to Ground
P1230	Audi	Cyl.6-Fuel Inj.Circ. Short to Ground
P1231	Audi	Cyl.7-Fuel Inj.Circ. Short to Ground
P1232	Audi	Cyl.8-Fuel Inj.Circ. Short to Ground
P1237	Audi	Cyl.1-Fuel Inj.Circ. Open Circ
P1238	Audi	Cyl.2-Fuel Inj.Circ. Open Circ
P1239	Audi	Cyl.3-Fuel Inj.Circ. Open Circ
P1240	Audi	Cyl.4-Fuel Inj.Circ. Open Circ
P1241	Audi	Cyl.5-Fuel Inj.Circ. Open Circ
P1242	Audi	Cyl.6-Fuel Inj.Circ. Open Circ
P1243	Audi	Cyl.7-Fuel Inj.Circ. Open Circ
P1244	Audi	Cyl.8-Fuel Inj.Circ. Open Circ
P1245	Audi	Needle Lift Sensor Circ. Short to Ground
P1246	Audi	Needle Lift Sensor Circ. Range/Performance
P1247	Audi	Needle Lift Sensor Circ. Open/Short to B+
P1248	Audi	Injection Start Control Deviation
P1249	Audi	Fuel consumption signal Electrical Fault in Circuit
P1250	Audi	Fuel Level Too Low
P1251	Audi	Start of Injection Solenoid Circ Short to B+
P1252	Audi	Start of Injection Solenoid Circ Open/Short to Ground
P1253	Audi	Fuel consumption signal Short to ground
P1254	Audi	Fuel consumption signal Short to B+
P1255	Audi	Engine Coolant Temp.Circ Short to Ground
P1256	Audi	Engine Coolant Temp.Circ Open/Short to B+
P1257	Audi	Engine Coolant System Valve Open
P1258	Audi	Engine Coolant System Valve Short to B+
P1259	Audi	Engine Coolant System Valve Short to Ground
P1280	Audi	Fuel Inj.Air Contr.Valve Circ. Flow too Low
P1283	Audi	Fuel Inj.Air Contr.Valve Circ. Electrical Malfunction
P1284	Audi	Fuel Inj.Air Contr.Valve Circ. Open
P1285	Audi	Fuel Inj.Air Contr.Valve Circ. Short to Ground
P1286	Audi	Fuel Inj.Air Contr.Valve Circ. Short to B+
P1287	Audi	Turbocharger bypass valve open
P1288	Audi	Turbocharger bypass valve short to B+
P1289	Audi	Turbocharger bypass valve short to ground
P1296	Audi	Cooling system malfunction
P1297	Audi	Connection turbocharger - throttle valve pressure hose
P1300	Audi	Misfire detected Reason: Fuel level too low
P1319	Audi	Knock Sensor 1 Circ. Short to Ground
P1320	Audi	Knock Sensor 2 Circ. Short to Ground
P1321	Audi	Knock Sensor 3 Circ. Low Input
P1322	Audi	Knock Sensor 3 Circ. High Input
P1323	Audi	Knock Sensor 4 Circ. Low Input
P1324	Audi	Knock Sensor 4 Circ. High Input
P1325	Audi	Cyl.1-Knock Contr. Limit Attained
P1326	Audi	Cyl.2-Knock Contr. Limit Attained
P1327	Audi	Cyl.3-Knock Contr. Limit Attained
P1328	Audi	Cyl.4-Knock Contr. Limit Attained
P1329	Audi	Cyl.5-Knock Contr. Limit Attained
P1330	Audi	Cyl.6-Knock Contr. Limit Attained
P1331	Audi	Cyl.7-Knock Contr. Limit Attained
P1332	Audi	Cyl.8-Knock Contr. Limit Attained
P1335	Audi	Engine Torque Monitoring 2 Control Limint Exceeded
P1336	Audi	Engine Torque Monitoring Adaptation at limit
P1337	Audi	Camshaft Pos.Sensor,Bank1 Short to Ground
P1338	Audi	Camshaft Pos.Sensor,Bank1 Open Circ./Short to B+
P1339	Audi	Crankshaft Pos./Engine Speed Sensor Cross Connected
P1340	Audi	Crankshaft-/Camshaft Pos.Sens.Signals Out of Sequence
P1341	Audi	Ignition Coil Power Output Stage 1 Short to Ground
P1342	Audi	Ignition Coil Power Output Stage 1 Short to B+
P1343	Audi	Ignition Coil Power Output Stage 2 Short to Ground
P1344	Audi	Ignition Coil Power Output Stage 2 Short to B+
P1345	Audi	Ignition Coil Power Output Stage 3 Short to Ground
P1346	Audi	Ignition Coil Power Output Stage 3 Short to B+
P1347	Audi	Bank2,Crankshaft-/Camshaft os.Sens.Sign. Out of Sequence
P1348	Audi	Ignition Coil Power Output Stage 1 Open Circuit
P1349	Audi	Ignition Coil Power Output Stage 2 Open Circuit
P1350	Audi	Ignition Coil Power Output Stage 3 Open Circuit
P1354	Audi	Modulation Piston Displ.Sensor Circ. Malfunction
P1355	Audi	Cyl. 1, ignition circuit Open Circuit
P1356	Audi	Cyl. 1, ignition circuit Short to B+
P1357	Audi	Cyl. 1, ignition circuit Short to ground
P1358	Audi	Cyl. 2, ignition circuit Open Circuit
P1359	Audi	Cyl. 2, ignition circuit Short Circuit to B+
P1360	Audi	Cyl. 2, ignition circuit Short Circuit to Ground
P1361	Audi	Cyl. 3, ignition circuit Open Circuit
P1362	Audi	Cyl. 3, ignition circuit Short Circuit to B+
P1363	Audi	Cyl. 3, ignition circuit Short Circuit to ground
P1364	Audi	Cyl. 4 ignition circuit Open Circuit
P1365	Audi	Cyl. 4 ignition circuit Short circuit to B+
P1366	Audi	Cyl. 4 ignition circuit Short circuit to ground
P1367	Audi	Cyl. 5, ignition circuit Open Circuit
P1368	Audi	Cyl. 5, ignition circuit Short Circuit to B+
P1369	Audi	Cyl. 5, ignition circuit short to ground
P1370	Audi	Cyl. 6, ignition circuit Open Circuit
P1371	Audi	Cyl. 6, ignition circuit Short Circuit to B+
P1372	Audi	Cyl. 6, ignition circuit short to ground
P1373	Audi	Cyl. 7, ignition circuit Open Circuit
P1374	Audi	Cyl. 7, ignition circuit Short Circuit to B+
P1375	Audi	Cyl. 7, ignition circuit short to ground
P1376	Audi	Cyl. 8, ignition circuit Open Circuit
P1377	Audi	Cyl. 8, ignition circuit Short Circuit to B+
P1378	Audi	Cyl. 8, ignition circuit short to ground
P1386	Audi	Internal Control Module Knock Control Circ.Error
P1387	Audi	Internal Contr. Module altitude sensor error
P1388	Audi	Internal Contr. Module drive by wire error
P1391	Audi	Camshaft Pos.Sensor,Bank2 Short to Ground
P1392	Audi	Camshaft Pos.Sensor,Bank2 Open Circ./Short to B+
P1393	Audi	Ignition Coil Power Output Stage 1 Electrical Malfunction
P1394	Audi	Ignition Coil Power Output Stage 2 Electrical Malfunction
P1395	Audi	Ignition Coil Power Output Stage 3 Electrical Malfunction
P1396	Audi	Engine Speed Sensor Missing Tooth
P1397	Audi	Engine speed wheel Adaptation limit reached
P1398	Audi	Engine RPM signal, TD Short to ground
P1399	Audi	Engine RPM signal, TD Short Circuit to B+
P1400	Audi	EGR Valve Circ Electrical Malfunction
P1401	Audi	EGR Valve Circ Short to Ground
P1402	Audi	EGR Valve Circ Short to B+
P1403	Audi	EGR Flow Deviation
P1404	Audi	EGR Flow Basic Setting not carried out
P1406	Audi	EGR Temp.Sensor Range/Performance
P1407	Audi	EGR Temp.Sensor Signal too Low
P1408	Audi	EGR Temp.Sensor Signal too High
P1409	Audi	Tank Ventilation Valve Circ. Electrical Malfunction
P1410	Audi	Tank Ventilation Valve Circ. Short to B+
P1411	Audi	Sec.Air Inj.Sys.,Bank2 Flow too Flow
P1412	Audi	EGR Different.Pressure Sensor Signal too Low
P1413	Audi	EGR Different.Pressure Sensor Signal too High
P1414	Audi	Sec.Air Inj.Sys.,Bank2 Leak Detected
P1417	Audi	Fuel Level Sensor Circ Signal too Low
P1418	Audi	Fuel Level Sensor Circ Signal too High
P1420	Audi	Sec.Air Inj.Valve Circ Electrical Malfunction
P1421	Audi	Sec.Air Inj.Valve Circ Short to Ground
P1422	Audi	Sec.Air Inj.Sys.Contr.Valve Circ Short to B+
P1423	Audi	Sec.Air Inj.Sys.,Bank1 Flow too Low
P1424	Audi	Sec.Air Inj.Sys.,Bank1 Leak Detected
P1425	Audi	Tank Vent.Valve Short to Ground
P1426	Audi	Tank Vent.Valve Open
P1432	Audi	Sec.Air Inj.Valve Open
P1433	Audi	Sec.Air Inj.Sys.Pump Relay Circ. open
P1434	Audi	Sec.Air Inj.Sys.Pump Relay Circ. Short to B+
P1435	Audi	Sec.Air Inj.Sys.Pump Relay Circ. Short to ground
P1436	Audi	Sec.Air Inj.Sys.Pump Relay Circ. Electrical Malfunction
P1439	Audi	EGR Potentiometer Error in Basic Seting
P1440	Audi	EGR Valve Power Stage Open
P1441	Audi	EGR Valve Circ Open/Short to Ground
P1442	Audi	EGR Valve Position Sensor Signal too high
P1443	Audi	EGR Valve Position Sensor Signal too low
P1444	Audi	EGR Valve Position Sensor range/performance
P1445	Audi	Catalyst Temp.Sensor 2 Circ. Range/Performance
P1446	Audi	Catalyst Temp.Circ Short to Ground
P1447	Audi	Catalyst Temp.Circ Open/Short to B+
P1448	Audi	Catalyst Temp.Sensor 2 Circ. Short to Ground
P1449	Audi	Catalyst Temp.Sensor 2 Circ. Open/Short to B+
P1450	Audi	Sec.Air Inj.Sys.Circ Short to B+
P1451	Audi	Sec.Air Inj.Sys.Circ Short to Ground
P1452	Audi	Sec.Air Inj.Sys. Open Circ
P1453	Audi	Exhaust gas temperature sensor 1 open/short to B+
P1454	Audi	Exhaust gas temperature sensor short 1 to ground
P1455	Audi	Exhaust gas temperature sensor 1 range/performance
P1456	Audi	Exhaust gas temperature control bank 1 limit attained
P1457	Audi	Exhaust gas temperature sensor 2 open/short to B+
P1458	Audi	Exhaust gas temperature sensor 2 short to ground
P1459	Audi	Exhaust gas temperature sensor 2 range/performance
P1460	Audi	Exhaust gas temperature control bank 2 limit attained
P1461	Audi	Exhaust gas temperature control bank 1 Range/Performance
P1462	Audi	Exhaust gas temperature control bank 2 Range/Performance
P1465	Audi	Additive Pump Short Circuit to B+
P1466	Audi	Additive Pump Open/Short to Ground
P1467	Audi	EVAP Canister Purge Solenoid Valve Short Circuit to B+
P1468	Audi	EVAP Canister Purge Solenoid Valve Short Circuit to Ground
P1469	Audi	EVAP Canister Purge Solenoid Valve Open Circuit
P1470	Audi	EVAP Emission Contr.LDP Circ Electrical Malfunction
P1471	Audi	EVAP Emission Contr.LDP Circ Short to B+
P1472	Audi	EVAP Emission Contr.LDP Circ Short to Ground
P1473	Audi	EVAP Emission Contr.LDP Circ Open Circ
P1474	Audi	EVAP Canister Purge Solenoid Valve electrical malfunction
P1475	Audi	EVAP Emission Contr.LDP Circ Malfunction/Signal Circ.Open
P1476	Audi	EVAP Emission Contr.LDP Circ Malfunction/Insufficient Vacuum
P1477	Audi	EVAP Emission Contr.LDP Circ Malfunction
P1478	Audi	EVAP Emission Contr.LDP Circ Clamped Tube Detected
P1500	Audi	Fuel Pump Relay Circ. Electrical Malfunction
P1501	Audi	Fuel Pump Relay Circ. Short to Ground
P1502	Audi	Fuel Pump Relay Circ. Short to B+
P1503	Audi	Load signal from Alternator Term. DF Range/performance/Incorrect Signal
P1504	Audi	Intake Air Sys.Bypass Leak Detected
P1505	Audi	Closed Throttle Pos. Does Not Close/Open Circ
P1506	Audi	Closed Throttle Pos.Switch Does Not Open/Short to Ground
P1507	Audi	Idle Sys.Learned Value Lower Limit Attained
P1508	Audi	Idle Sys.Learned Value Upper Limit Attained
P1509	Audi	Idle Air Control Circ. Electrical Malfunction
P1510	Audi	Idle Air Control Circ. Short to B+
P1511	Audi	Intake Manifold Changeover Valve circuit electrical malfunction
P1512	Audi	Intake Manifold Changeover Valve circuit Short to B+
P1513	Audi	Intake Manifold Changeover Valve2 circuit Short to B+
P1514	Audi	Intake Manifold Changeover Valve2 circuit Short to ground
P1515	Audi	Intake Manifold Changeover Valve circuit Short to Ground
P1516	Audi	Intake Manifold Changeover Valve circuit Open
P1517	Audi	Main Relay Circ. Electrical Malfunction
P1518	Audi	Main Relay Circ. Short to B+
P1519	Audi	Intake Camshaft Contr.,Bank1 Malfunction
P1520	Audi	Intake Manifold Changeover Valve2 circuit Open
P1521	Audi	Intake Manifold Changeover Valve2 circuit electrical malfunction
P1522	Audi	Intake Camshaft Contr.,Bank2 Malfunction
P1523	Audi	Crash Signal from Airbag Control Unit range/performance
P1525	Audi	Intake Camshaft Contr.Circ.,Bank1 Electrical Malfunction
P1526	Audi	Intake Camshaft Contr.Circ.,Bank1 Short to B+
P1527	Audi	Intake Camshaft Contr.Circ.,Bank1 Short to Ground
P1528	Audi	Intake Camshaft Contr.Circ.,Bank1 Open
P1529	Audi	Camshaft Control Circuit Short to B+
P1530	Audi	Camshaft Control Circuit Short to ground
P1531	Audi	Camshaft Control Circuit open
P1533	Audi	Intake Camshaft Contr.Circ.,Bank2 Electrical Malfunction
P1534	Audi	Intake Camshaft Contr.Circ.,Bank2 Short to B+
P1535	Audi	Intake Camshaft Contr.Circ.,Bank2 Short to Ground
P1536	Audi	Intake Camshaft Contr.Circ.,Bank2 Open
P1537	Audi	Engine Shutoff Solenoid Malfunction
P1538	Audi	Engine Shutoff Solenoid Open/Short to Ground
P1539	Audi	Clutch Vacuum Vent Valve Switch Incorrect signal
P1540	Audi	Vehicle Speed Sensor High Input
P1541	Audi	Fuel Pump Relay Circ Open
P1542	Audi	Throttle Actuation Potentiometer Range/Performance
P1543	Audi	Throttle Actuation Potentiometer Signal too Low
P1544	Audi	Throttle Actuation Potentiometer Signal too High
P1545	Audi	Throttle Pos.Contr Malfunction
P1546	Audi	Boost Pressure Contr.Valve Short to B+
P1547	Audi	Boost Pressure Contr.Valve Short to Ground
P1548	Audi	Boost Pressure Contr.Valve Open
P1549	Audi	Boost Pressure Contr.Valve Short to Ground
P1550	Audi	Charge Pressure Deviation
P1551	Audi	Barometric Pressure Sensor Circ. Short to B+
P1552	Audi	Barometric Pressure Sensor Circ. Open/Short to Ground
P1553	Audi	Barometric/manifold pressure signal ratio out of range
P1554	Audi	Idle Speed Contr.Throttle Pos. Basic Setting Conditions not met
P1555	Audi	Charge Pressure Upper Limit exceeded
P1556	Audi	Charge Pressure Contr. Negative Deviation
P1557	Audi	Charge Pressure Contr. Positive Deviation
P1558	Audi	Throttle Actuator Electrical Malfunction
P1559	Audi	Idle Speed Contr.Throttle Pos. Adaptation Malfunction
P1560	Audi	Maximum Engine Speed Exceeded
P1561	Audi	Quantity Adjuster Deviation
P1562	Audi	Quantity Adjuster Upper Limit Attained
P1563	Audi	Quantity Adjuster Lower Limit Attained
P1564	Audi	Idle Speed Contr.Throttle Pos. Low Voltage During Adaptation
P1565	Audi	Idle Speed Control Throttle Position lower limit not attained
P1566	Audi	Load signal from A/C compressor range/performance
P1567	Audi	Load signal from A/C compressor no signal
P1568	Audi	Idle Speed Contr.Throttle Pos. mechanical Malfunction
P1569	Audi	Cruise control switch Incorrect signal
P1570	Audi	Contr.Module Locked
P1571	Audi	Left Eng. Mount Solenoid Valve Short to B+
P1572	Audi	Left Eng. Mount Solenoid Valve Short to ground
P1573	Audi	Left Eng. Mount Solenoid Valve Open circuit
P1574	Audi	Left Eng. Mount Solenoid Valve Electrical fault in circuit
P1575	Audi	Right Eng. Mount Solenoid Valve Short to B+
P1576	Audi	Right Eng. Mount Solenoid Valve Short to ground
P1577	Audi	Right Eng. Mount Solenoid Valve Open circuit
P1578	Audi	Right Eng. Mount Solenoid Valve Electrical fault in circuit
P1579	Audi	Idle Speed Contr.Throttle Pos. Adaptation not started
P1580	Audi	Throttle Actuator B1 Malfunction
P1581	Audi	Idle Speed Contr.Throttle Pos. Basic Setting Not Carried Out
P1582	Audi	Idle Adaptation at Limit
P1583	Audi	Transmission mount valves Short to B+
P1584	Audi	Transmission mount valves Short to ground
P1585	Audi	Transmission mount valves Open circuit
P1586	Audi	Engine mount solenoid valves Short to B+
P1587	Audi	Engine mount solenoid valves Short to ground
P1588	Audi	Engine mount solenoid valves Open circuit
P1600	Audi	Power Supply (B+) Terminal 15 Low Voltage
P1602	Audi	Power Supply (B+) Terminal 30 Low Voltage
P1603	Audi	Internal Control Module Malfunction
P1604	Audi	Internal Control Module Driver Error
P1605	Audi	Rough Road/Acceleration Sensor Electrical Malfunction
P1606	Audi	Rough Road Spec Engine Torque ABS-ECU Electrical Malfunction
P1607	Audi	Vehicle speed signal Error message from instrument cluster
P1608	Audi	Steering angle signal Error message from steering angle sensor
P1609	Audi	Crash shut-down activated
P1611	Audi	MIL Call-up Circ./Transm.Contr.Module Short to Ground
P1612	Audi	Electronic Control Module Incorrect Coding
P1613	Audi	MIL Call-up Circ Open/Short to B+
P1614	Audi	MIL Call-up Circ./Transm.Contr.Module Range/Performance
P1615	Audi	Engine Oil Temperature Sensor Circuit range/performance
P1616	Audi	Glow Plug/Heater Indicator Circ. Short to B+
P1617	Audi	Glow Plug/Heater Indicator Circ. Open/Short to Ground
P1618	Audi	Glow Plug/Heater Relay Circ. Short to B+
P1619	Audi	Glow Plug/Heater Relay Circ. Open/Short to Ground
P1620	Audi	Engine coolant temperature signal open/short to B+
P1621	Audi	Engine coolant temperature signal short to ground
P1622	Audi	Engine coolant temperature signal range/performance
P1623	Audi	Data Bus Powertrain No Communication
P1624	Audi	MIL Request Sign.active
P1625	Audi	Data-Bus Powertrain Unplausible Message from Transm.Contr
P1626	Audi	Data-Bus Powertrain Missing Message from Transm.Contr
P1627	Audi	Data-Bus Powertrain missing message from fuel injection pump
P1628	Audi	Data-Bus Powertrain missing message from steering sensor
P1629	Audi	Data-Bus Powertrain missing message from distance control
P1630	Audi	Accelera.Pedal Pos.Sensor 1 Signal too Low
P1631	Audi	Accelera.Pedal Pos.Sensor 1 Signal too High
P1632	Audi	Accelera.Pedal Pos.Sensor 1 Power Supply Malfunction
P1633	Audi	Accelera.Pedal Pos.Sensor 2 Signal too Low
P1634	Audi	Accelera.Pedal Pos.Sensor 2 Signal too High
P1635	Audi	Data Bus Powertrain missing message f.air condition control
P1636	Audi	Data Bus Powertrain missing message from Airbag control
P1637	Audi	Data Bus Powertrain missing message f.central electr.control
P1638	Audi	Data Bus Powertrain missing message from clutch control
P1639	Audi	Accelera.Pedal Pos.Sensor 1+2 Range/Performance
P1640	Audi	Internal Contr.Module (EEPROM) Error
P1641	Audi	Please check DTC Memory of Air Condition ECU
P1642	Audi	Please check DTC Memory of Airbag ECU
P1643	Audi	Please check DTC Memory of central electric ECU
P1644	Audi	Please check DTC Memory of clutch ECU
P1645	Audi	Data Bus Powertrain missing message f.all wheel drive contr
P1646	Audi	Please Check DTC Memory of all wheel drive ECU
P1647	Audi	Please check coding of ECUs in Data Bus Powertrain
P1648	Audi	Data Bus Powertrain Malfunction
P1649	Audi	Data Bus Powertrain Missing message from ABS Control Module
P1650	Audi	Data Bus Powertrain Missing message fr.instrument panel ECU
P1651	Audi	Data Bus Powertrain missing messages
P1652	Audi	Please check DTC Memory of transmission ECU
P1653	Audi	Please check DTC Memory of ABS Control Module
P1654	Audi	Please check DTC Memory of control panel ECU
P1655	Audi	Please check DTC Memory of ADR Control Module
P1656	Audi	A/C clutch relay circuit short to ground
P1657	Audi	A/C clutch relay circuit short to B+
P1658	Audi	Data Bus Powertrain Incorrect signal from ADR Control Module
P1676	Audi	Drive by Wire-MIL Circ. Electrical Malfunction
P1677	Audi	Drive by Wire-MIL Circ. Short to B+
P1678	Audi	Drive by Wire-MIL Circ. Short to Ground
P1679	Audi	Drive by Wire-MIL Circ. Open
P1681	Audi	Contr.Unit Programming, Programming not Finished
P1684	Audi	Contr.Unit Programming Communication Error
P1686	Audi	Contr.Unit Error Programming Error
P1690	Audi	Malfunction Indication Light Malfunction
P1691	Audi	Malfunction Indication Light Open
P1692	Audi	Malfunction Indication Light Short to Ground
P1693	Audi	Malfunction Indication Light Short to B+
P1694	Audi	Malfunction Indication Light Open/Short to Ground
P1704	Audi	Kick Down Switch Malfunction
P1705	Audi	Gear/Ratio Monitoring Adaptation limit reached
P1711	Audi	Wheel Speed Signal 1 Range/Performance
P1716	Audi	Wheel Speed Signal 2 Range/Performance
P1721	Audi	Wheel Speed Signal 3 Range/Performance
P1723	Audi	Starter Interlock Circ. Open
P1724	Audi	Starter Interlock Circ. Short to Ground
P1726	Audi	Wheel Speed Signal 4 Range/Performance
P1728	Audi	Different Wheel Speed Signals Range/Performance
P1729	Audi	Starter Interlock Circ. Short to B+
P1733	Audi	Tiptronic Switch Down Circ. Short to Ground
P1739	Audi	Tiptronic Switch up Circ. Short to Ground
P1740	Audi	Clutch temperature control
P1741	Audi	Clutch pressure adaptation at limit
P1742	Audi	Clutch torque adaptation at limit
P1743	Audi	Clutch slip control signal too high
P1744	Audi	Tiptronic Switch Recognition Circ. Short to Ground
P1745	Audi	Transm.Contr.Unit Relay Short to B+
P1746	Audi	Transm.Contr.Unit Relay Malfunction
P1747	Audi	Transm.Contr.Unit Relay Open/Short to Ground
P1748	Audi	Transm.Contr.Unit Self-Check
P1749	Audi	Transm.Contr.Unit Incorrect Coded
P1750	Audi	Power Supply Voltage Low Voltage
P1751	Audi	Power Supply Voltage High Voltage
P1752	Audi	Power Supply Malfunction
P1760	Audi	Shift Lock Malfunction
P1761	Audi	Shift Lock Short to Ground
P1762	Audi	Shift Lock Short to B+
P1763	Audi	Shift Lock Open
P1764	Audi	Transmission temperature control
P1765	Audi	Hydraulic Pressure Sensor 2 adaptation at limit
P1766	Audi	Throttle Angle Signal Stuck Off
P1767	Audi	Throttle Angle Signal Stuck On
P1768	Audi	Hydraulic Pressure Sensor 2 Too High
P1769	Audi	Hydraulic Pressure Sensor 2 Too Low
P1770	Audi	Load Signal Range/Performance
P1771	Audi	Load Signal Stuck Off
P1772	Audi	Load Signal Stuck On
P1773	Audi	Hydraulic Pressure Sensor 1 Too High
P1774	Audi	Hydraulic Pressure Sensor 1 Too Low
P1775	Audi	Hydraulic Pressure Sensor 1 adaptation at limit
P1776	Audi	Hydraulic Pressure Sensor 1 range/performance
P1777	Audi	Hydraulic Pressure Sensor 2 range/performance
P1778	Audi	Solenoid EV7 Electrical Malfunction
P1781	Audi	Engine Torque Reduction Open/Short to Ground
P1782	Audi	Engine Torque Reduction Short to B+
P1784	Audi	Shift up/down Wire Open/Short to Ground
P1785	Audi	Shift up/down Wire Short to B+
P1786	Audi	Reversing Light Circ. Open
P1787	Audi	Reversing Light Circ. Short to Ground
P1788	Audi	Reversing Light Circ. Short to B+
P1789	Audi	Idle Speed Intervention Circ. Error Message from Engine Contr
P1790	Audi	Transmission Range Display Circ. Open
P1791	Audi	Transmission Range Display Circ. Short to Ground
P1792	Audi	Transmission Range Display Circ. Short to B+
P1793	Audi	Output Speed Sensor 2 Circ. No Signal
P1795	Audi	Vehicle Speed Signal Circ. Open
P1796	Audi	Vehicle Speed Signal Circ. Short to Ground
P1797	Audi	Vehicle Speed Signal Circ. Short to B+
P1798	Audi	Output Speed Sensor 2 Circ. Range/Performance
P1799	Audi	Output Speed Sensor 2 Circ. Rpm too High
P1813	Audi	Pressure Contr.Solenoid 1 Electrical
P1814	Audi	Pressure Contr.Solenoid 1 Open/Short to Ground
P1815	Audi	Pressure Contr.Solenoid 1 Short to B+
P1818	Audi	Pressure Contr.Solenoid 2 Electrical
P1819	Audi	Pressure Contr.Solenoid 2 Open/Short to Ground
P1820	Audi	Pressure Contr.Solenoid 2 Short to B+
P1823	Audi	Pressure Contr.Solenoid 3 Electrical
P1824	Audi	Pressure Contr.Solenoid 3 Open/Short to Ground
P1825	Audi	Pressure Contr.Solenoid 3 Short to B+
P1828	Audi	Pressure Contr.Solenoid 4 Electrical
P1829	Audi	Pressure Contr.Solenoid 4 Open/Short to Ground
P1830	Audi	Pressure Contr.Solenoid 4 Short to B+
P1834	Audi	Pressure Contr.Solenoid 5 Open/Short to Ground
P1835	Audi	Pressure Contr.Solenoid 5 Short to B+
P1841	Audi	Engine/Transmission Control Modules Versions do not match
P1842	Audi	Please check DTC Memory of instrument panel ECU
P1843	Audi	Please check DTC Memory of ADR Control Module
P1844	Audi	Please check DTC Memory of central electric control ECU
P1847	Audi	Please check DTC Memory of brake system ECU
P1848	Audi	Please check DTC Memory of engine ECU
P1849	Audi	Please check DTC Memory of transmission ECU
P1850	Audi	Data-Bus Powertrain Missing Message from Engine Contr
P1851	Audi	Data-Bus Powertrain Missing Message from Brake Contr
P1852	Audi	Data-Bus Powertrain Unplausible Message from Engine Contr
P1853	Audi	Data-Bus Powertrain Unplausible Message from Brake Contr
P1854	Audi	Data-Bus Powertrain Hardware Defective
P1855	Audi	Data-Bus Powertrain Software version Contr
P1856	Audi	Throttle/Pedal Pos.Sensor A Circ. Error Message from Engine Contr
P1857	Audi	Load Signal Error Message from Engine Contr
P1858	Audi	Engine Speed Input Circ. Error Message from Engine Contr
P1859	Audi	Brake Switch Circ. Error Message from Engine Contr
P1860	Audi	Kick Down Switch Error Message from Engine Contr
P1861	Audi	Throttle Position (TP) sensor Error Message from ECM
P1862	Audi	Data Bus Powertrain Missing message from instr. panel ECU
P1863	Audi	Data Bus Powertrain Missing Message from St. Angle Sensor
P1864	Audi	Data Bus Powertrain Missing message from ADR control module
P1865	Audi	Data Bus Powertrain Missing message from central electronics
P1866	Audi	Data Bus Powertrain Missing messages
