P1102	Volkswagen	O2S Heating Circuit Bank 1 Sensor 1 Voltage Too Low/Air Leak
P1105	Volkswagen	O2S Heating Circuit Bank 1 Sensor 2 Short To Positive
P1107	Volkswagen	O2S Heating Circuit Bank 2 Sensor 1 Short To Positive
P1110	Volkswagen	O2S Heating Circuit Bank 2 Sensor 2 Short To Positive
P1113	Volkswagen	O2S Sensor Heater Resistance Too High Bank 1 Sensor 1
P1115	Volkswagen	O2S Sensor Heater Circuit Short To Ground Bank 1 Sensor 1
P1116	Volkswagen	O2S Sensor Heater Circuit Open Bank 1 Sensor 1
P1117	Volkswagen	O2S Sensor Heater Circuit Short To Ground Bank 1 Sensor 2
P1118	Volkswagen	O2S Sensor Heater Circuit Open Bank 1 Sensor 2
P1127	Volkswagen	Long Term Fuel Trim B1 System Too Rich
P1128	Volkswagen	Long Term Fuel Trim B1 System Too Lean
P1129	Volkswagen	Long Term Fuel Trim B2 System Too Rich
P1130	Volkswagen	Long Term Fuel Trim B2 System Too Lean
P1136	Volkswagen	Long Term Fuel Trim Add. Fuel B1 System Too Lean
P1137	Volkswagen	Long Term Fuel Trim Add. Fuel B1 System Too Rich
P1138	Volkswagen	Long Term Fuel Trim Add. Fuel B2 System Too Lean
P1139	Volkswagen	Long Term Fuel Trim Add. Fuel B2 System Too Rich
P1141	Volkswagen	Load Calculation Cross Check Range/Performance
P1144	Volkswagen	Mass Air Flow Sensor Open/Short To Ground
P1145	Volkswagen	Mass Air Flow Sensor Short To Positive
P1146	Volkswagen	Mass Air Flow Sensor Supply Voltage
P1155	Volkswagen	Manifold Absolute Pressure Sensor Short To Positive
P1156	Volkswagen	Manifold Absolute Pressure Sensor Open/Short To Ground
P1157	Volkswagen	Manifold Absolute Pressure Sensor Supply Voltage
P1160	Volkswagen	Intake Air Temperature Sensor Short To Ground
P1161	Volkswagen	Intake Air Temperature Sensor Open/Short To Positive
P1162	Volkswagen	Intake Air Temperature Sensor Short To Ground
P1163	Volkswagen	Fuel Temperature Sensor Open/Short To Positive
P1164	Volkswagen	Fuel Temperature Sensor Implausible Signal
P1171	Volkswagen	Throttle Actuation Potentiometer Sign. 2 Range/Performance
P1172	Volkswagen	Throttle Actuation Potentiometer Sign. 2 Signal Too Low
P1173	Volkswagen	Throttle Actuation Potentiometer Sign. 2 Signal Too High
P1176	Volkswagen	Rear O2S Correction
P1177	Volkswagen	O2 Correction Behind Catalyst B1 Limit Attained
P1196	Volkswagen	O2S Heater Circuit Bank 1 Sensor 1 Electrical Malfunction
P1197	Volkswagen	O2S Heater Circuit Bank 2 Sensor 1 Electrical Malfunction
P1198	Volkswagen	O2S Heater Circuit Bank 1 Sensor 2 Electrical Malfunction
P1199	Volkswagen	O2S Heater Circuit Bank 2 Sensor 2 Electrical Malfunction
P1213	Volkswagen	Injector Circuit Cylinder 1 Short To Positive
P1214	Volkswagen	Injector Circuit Cylinder 2 Short To Positive
P1215	Volkswagen	Injector Circuit Cylinder 3 Short To Positive
P1216	Volkswagen	Injector Circuit Cylinder 4 Short To Positive
P1217	Volkswagen	Injector Circuit Cylinder 5 Short To Positive
P1218	Volkswagen	Injector Circuit Cylinder 6 Short To Positive
P1225	Volkswagen	Injector Circuit Cylinder 1 Short To Ground
P1226	Volkswagen	Injector Circuit Cylinder 2 Short To Ground
P1227	Volkswagen	Injector Circuit Cylinder 3 Short To Ground
P1228	Volkswagen	Injector Circuit Cylinder 4 Short To Ground
P1229	Volkswagen	Injector Circuit Cylinder 5 Short To Ground
P1230	Volkswagen	Injector Circuit Cylinder 6 Short To Ground
P1237	Volkswagen	Injector Circuit Open Cylinder 1
P1238	Volkswagen	Injector Circuit Open Cylinder 2
P1239	Volkswagen	Injector Circuit Open Cylinder 3
P1240	Volkswagen	Injector Circuit Open Cylinder 4
P1241	Volkswagen	Injector Circuit Open Cylinder 5
P1242	Volkswagen	Injector Circuit Open Cylinder 6
P1245	Volkswagen	Needle Lift Sensor Short To Ground
P1246	Volkswagen	Needle Lift Implausible Signal
P1247	Volkswagen	Needle Lift Sensor Open/Short To Positive
P1248	Volkswagen	Start Of Cold Start Injector Control Difference
P1251	Volkswagen	Start Of Cold Start Injector Short To Positive
P1252	Volkswagen	Start Of Cold Start Injector Open/Short To Ground
P1255	Volkswagen	Engine Coolant Temperature Sensor Short To Ground
P1256	Volkswagen	Engine Coolant Temperature Sensor Open/Short To Positive
P1300	Volkswagen	Misfire Detected, Fuel Level Too Low
P1250	Volkswagen	Fuel Level Too Low
P1325	Volkswagen	Cyl. 1 Knock Control Limit Attained
P1326	Volkswagen	Cyl. 2 Knock Control Limit Attained
P1327	Volkswagen	Cyl. 3 Knock Control Limit Attained
P1328	Volkswagen	Cyl. 4 Knock Control Limit Attained
P1329	Volkswagen	Cyl. 5 Knock Control Limit Attained
P1330	Volkswagen	Cyl. 6 Knock Control Limit Attained
P1336	Volkswagen	Engine Torque Adaption At Limit
P1337	Volkswagen	CMP Sensor Bank 1 Short To Ground
P1338	Volkswagen	CMP Sensor Bank 1 Open Circuit Or Short To Positive
P1340	Volkswagen	CKP/CMP Sensor Signals Out Of Sequence
P1341	Volkswagen	Ignition Coil Output Stage 1 Short To Ground
P1343	Volkswagen	Ignition Coil Output Stage 2 Short To Ground
P1345	Volkswagen	Ignition Coil Output Stage 3 Short To Ground
P1354	Volkswagen	Modulating Piston Displacement Sensor Electrial Circuit Malfunction
P1386	Volkswagen	Internal Control Module Knock Control Error
P1387	Volkswagen	Control Unit Internal Altitude Sensor
P1391	Volkswagen	CMP Sensor Bank 2 Short To Ground
P1392	Volkswagen	CMP Sensor Bank 2 Open Circuit/Short To Positive
P1393	Volkswagen	Ignition Coil Power Output Stage 1 Malfunction
P1394	Volkswagen	Ignition Coil Power Output Stage 2 Malfunction
P1395	Volkswagen	Ignition Coil Power Output Stage 3 Malfunction
P1401	Volkswagen	EGR Valve Power Stage Short To Ground
P1402	Volkswagen	EGR Vacuum Regulator Solenoid Valve Short To Positive
P1403	Volkswagen	EGR System Control Difference
P1407	Volkswagen	EGR Temperature Sensor Signal Too Low
P1408	Volkswagen	EGR Temperature Sensor Signal Too High
P1410	Volkswagen	Tank Ventilation Valve Circuit Short To B+
P1420	Volkswagen	Secondary Air Injection Control Module Electrical Malfunction
P1421	Volkswagen	Secondary Air Injection Valve Circuit Short To Ground
P1422	Volkswagen	Secondary Air Injection Valve Circuit Short To B+
P1424	Volkswagen	Secondary Air Injection System Bank 1 Leak Detected
P1425	Volkswagen	Tank Ventilation Valve Short To Ground
P1426	Volkswagen	Tank Ventilation Valve Open Circuit
P1432	Volkswagen	Secondary Air Injection Valve Open
P1433	Volkswagen	Secondary Air Injection Pump Relay Circuit Open
P1434	Volkswagen	Secondary Air Injection Pump Relay Circuit Short To Positive
P1435	Volkswagen	Secondary Air Injection Pump Relay Circuit Short To Ground
P1436	Volkswagen	Secondary Air Injection Pump Relay Circuit Electrical Malfunction
P1440	Volkswagen	EGR Valve Power Stage Open
P1441	Volkswagen	EGR Vacuum Regulator Solenoid Valve Open/Short To Ground
P1450	Volkswagen	Secondary Air Injection System Circuit Short To Positive
P1451	Volkswagen	Secondary Air Injection Circuit Short To Ground
P1452	Volkswagen	Secondary Air Injection System Circuit Open
P1471	Volkswagen	EVAP Control System LDP Circuit Short to Positive
P1472	Volkswagen	EVAP Control System LDP Circuit Short To Ground
P1473	Volkswagen	EVAP Control System LDP Open Circuit
P1475	Volkswagen	EVAP Control System LDP Malfunction/Signal Circuit Open
P1476	Volkswagen	EVAP Control System LDP Malfunction/Insufficient Vacuum
P1477	Volkswagen	EVAP Control System LDP Malfunction
P1478	Volkswagen	EVAP Control System LDP Clamped Tube Detected
P1500	Volkswagen	Fuel Pump Relay Electrical Circuit Malfunction
P1501	Volkswagen	Fuel Pump Relay Circuit Short To Ground
P1502	Volkswagen	Fuel Pump Relay Circuit Short To Positive
P1505	Volkswagen	Closed Throttle Position Does Not Close/Open Circuit
P1506	Volkswagen	Closed Throttle Position Switch Does Not Open./Short To Ground
P1512	Volkswagen	Intake Manifold Changeover Valve Circuit Short To Positive
P1515	Volkswagen	Intake Manifold Changeover Valve Circuit Short To Ground
P1516	Volkswagen	Intake Manifold Changeover Valve Circuit Open
P1519	Volkswagen	Intake Camshaft Control Bank 1 Malfunction
P1522	Volkswagen	Intake Camshaft Control Bank 2 Malfunction
P1537	Volkswagen	Fuel Cut-off Valve Incorrect Function
P1538	Volkswagen	Fuel Cut-off Valve Open/Short To Ground
P1539	Volkswagen	Clutch Pedal Switch Signal Fault
P1540	Volkswagen	VSS Signal Too High
P1541	Volkswagen	Fuel Pump Relay Circuit Open
P1542	Volkswagen	Throttle Actuation Potentiometer Range/Performance
P1543	Volkswagen	Throttle Actuation Potentiometer Signal Too Low
P1544	Volkswagen	Throttle Actuation Potentiometer Signal Too High
P1545	Volkswagen	Throttle Position Control Malfunction
P1546	Volkswagen	Wastegate Bypass Regulator Valve Short To Positive
P1547	Volkswagen	Wastegate Bypass Regulator Valve Short To Ground
P1548	Volkswagen	Wastegate Bypass Regulator Valve Open
P1549	Volkswagen	Wastegate Bypass Regulator Valve Open/Short To Ground
P1550	Volkswagen	Charge Pressure Control Difference
P1555	Volkswagen	Charge Pressure Upper Limit Exceeded
P1556	Volkswagen	Charge Pressure Negative Deviation
P1557	Volkswagen	Charge Pressure Positive Deviation
P1558	Volkswagen	Throttle Actuator Electrical Malfunction
P1559	Volkswagen	Idle Speed Control Throttle Position Adaption Malfunction
P1560	Volkswagen	Maximum Engine Speed Exceeded
P1561	Volkswagen	Quantity Adjuster Control Difference
P1562	Volkswagen	Quantity Adjuster Upper Stop Value
P1563	Volkswagen	Quantity Adjuster Lower Stop Value
P1564	Volkswagen	Idle Speed Control Throttle Position Low Voltage During Adaption
P1565	Volkswagen	Idle Speed Control Throttle Position Lower Limit Not Obtained
P1568	Volkswagen	Idle Speed Control Throttle Position Mechanical Malfunction
P1569	Volkswagen	Switch For CCS Signal Faulty
P1580	Volkswagen	Throttle Actuator B1 Malfunction
P1582	Volkswagen	Idle Adaptation At Limit
P1600	Volkswagen	Power Supply Terminal No. 15 Low Voltage
P1602	Volkswagen	Power Supply Terminal No. 30 Low Voltage
P1603	Volkswagen	Internal Control Module Self Check
P1606	Volkswagen	Rough Road Spec. Engine Torque ABS-ECU Electrical Malfunction
P1611	Volkswagen	MIL Call-Up Circuit/TCM Short To Ground
P1612	Volkswagen	Engine Control Module Incorrect Coding
P1613	Volkswagen	MIL Call-Up Circuit Open/Short To Positive
P1616	Volkswagen	Glow Plug Indicator Lamp Short To Positive
P1617	Volkswagen	Glow Plug Indicator Lamp Open/Short To Ground
P1618	Volkswagen	Glow Plug Relay Short To Positive
P1619	Volkswagen	Glow Plug Relay Open/Short To Ground
P1624	Volkswagen	MIL Request Signal Active
P1626	Volkswagen	Data Bus Drive Missing Command From M/T
P1630	Volkswagen	Accelerator Pedal Position Sensor 1 Signal Too Low
P1631	Volkswagen	Accelerator Pedal Position Sensor 1 Signal Too High
P1632	Volkswagen	Accelerator Pedal Position Sensor 1/2 Supply Voltage
P1633	Volkswagen	Accelerator Pedal Position Sensor 2 Signal Too Low
P1634	Volkswagen	Accelerator Pedal Position Sensor 2 Signal Too High
P1639	Volkswagen	Accelerator Pedal Position Sensor 1/2 Range Performance
P1640	Volkswagen	Internal Control Module (EEPROM) Error
P1648	Volkswagen	CAN-Bus System Component Failure
P1649	Volkswagen	Data Bus Powertrain Missing Message From Brake Controller
P1676	Volkswagen	Drive By Wire MIL Circuit Electrical Malfunction
P1677	Volkswagen	Drive By Wire MIL Circuit Short To Positive
P1678	Volkswagen	Drive By Wire MIL Circuit Short To Ground
P1679	Volkswagen	Drive By Wire MIL Circuit Open Circuit
P1681	Volkswagen	Control Module Programming Not Finished
P1686	Volkswagen	Control Unit Error, Programming Error
P1690	Volkswagen	MIL Malfunction
P1691	Volkswagen	MIL Open Circuit
P1692	Volkswagen	MIL Short To Ground
P1693	Volkswagen	MIL Short To Positive
P1778	Volkswagen	Solenoid EV7 Electrical Malfunction
P1780	Volkswagen	Engine Intervention Readable
P1851	Volkswagen	Data Bus Drive Missing Command From ABS
P1854	Volkswagen	Drive Train CAN-Bus Inoperative
