P1115	Kia	Engine Coolant Temperature Signal from ECM to TCM
P1121	Kia	Throttle Position Sensor Signal Malfunction from ECM to TCM
P1170	Kia	Front Heated Oxygen Sensor Stuck
P1195	Kia	EGR Pressure Sensor (1.6L) or Boost Sensor (1.8L) Open or Short
P1196	Kia	Ignition Switch "Start" Open or Short (1.6L)
P1250	Kia	Pressure Regulator Control Solenoid Valve Open or Short
P1252	Kia	Pressure Regulator Control Solenoid Valve No. 2 Circuit Malfunction
P1307	Kia	Chassis Acceleration Sensor Signal Malfunction
P1308	Kia	Chassis Acceleration Sensor Signal Low
P1309	Kia	Chassis Acceleration Sensor Signal High
P1345	Kia	No SGC Signal (1.6L)
P1386	Kia	Knock Sensor Control Zero Test
P1402	Kia	EGR Valve Position Sensor Open or Short
P1449	Kia	Canister Drain Cut Valve Open or Short (1.8L)
P1450	Kia	Excessive Vacuum Leak
P1455	Kia	Fuel Tank Sending Unit Open or Short (1.8L)
P1457	Kia	Purge Solenoid Valve Low System Malfunction
P1458	Kia	A/C Compressor Control Signal Malfunction
P1485	Kia	EGR Solenoid Valve Vacuum Open or Short
P1486	Kia	EGR Solenoid Valve Vent Open or Short
P1487	Kia	EGR Boost Sensor Solenoid Valve Open or Short
P1496	Kia	EGR Stepper Motor Malfunction - Circuit 1 (1.8L)
P1497	Kia	EGR Stepper Motor Malfunction - Circuit 2 (1.8L)
P1498	Kia	EGR Stepper Motor Malfunction - Circuit 3 (1.8L)
P1499	Kia	EGR Stepper Motor Malfunction - Circuit 4 (1.8L)
P1500	Kia	No Vehicle Speed Signal to TCM
P1505	Kia	Idle Air Control Valve Opening Coil Voltage Low
P1506	Kia	Idle Air Control Valve Opening Coil Voltage High
P1507	Kia	Idle Air Control Valve Closing Coil Voltage Low
P1508	Kia	Idle Air Control Valve Closing Coil Voltage High
P1523	Kia	VICS Solenoid Valve
P1586	Kia	A/T-M/T Codification
P1608	Kia	PCM Malfunction
P1611	Kia	MIL Request Circuit Voltage Low
P1614	Kia	MIL Request Circuit Voltage High
P1624	Kia	MIL Request Signal from TCM to ECM
P1631	Kia	Alternator "T" Open or No Power Output (1.8L)
P1632	Kia	Battery Voltage Detection Circuit for Alternator Regulator (1.8L)
P1633	Kia	Battery Overcharge
P1634	Kia	Alternator "B" Open (1.8L)
P1693	Kia	MIL Circuit Malfunction
P1743	Kia	Torque Converter Clutch Solenoid Valve Open or Short
P1794	Kia	Battery or Circuit Failure
P1795	Kia	4WD Switch Signal Malfunction
P1797	Kia	P or N Range Signal or Clutch Pedal Position Switch Open or Short
